1645 ms
1651 ms
181172 ms
182223 ms
1792 ms
1755 ms
182934 ms
1813 ms
1809 ms
1816 ms
1811 ms
183512 ms
183518 ms
183668 ms
1842 ms
466 ms
1840 ms
1747 ms
1770 ms
1774 ms
1781 ms
438 ms
479 ms
1880 ms
44 ms
1805 ms
183882 ms
1836 ms
1829 ms
37 ms
1848 ms
475 ms
461 ms
1895 ms
1834 ms
436 ms
1901 ms
428 ms
1893 ms
1854 ms
1854 ms
1858 ms
1858 ms
1857 ms
23 ms
185799 ms
185913 ms
186304 ms
187260 ms
186828 ms
1907 ms
187109 ms
187245 ms
187605 ms
187565 ms
187574 ms
187557 ms
187774 ms
187651 ms
187849 ms
187964 ms
188070 ms
188100 ms
188012 ms
1940 ms
188397 ms
188328 ms
188594 ms
189224 ms
188911 ms
188783 ms
188882 ms
188929 ms
189067 ms
189189 ms
1966 ms
189867 ms
189942 ms
190079 ms
1974 ms
190796 ms
190897 ms
191398 ms
1984 ms
191692 ms
190778 ms
190139 ms
1974 ms
189842 ms
189640 ms
189706 ms
189824 ms
189850 ms
189954 ms
189917 ms
190048 ms
190994 ms
191007 ms
190898 ms
1987 ms
1973 ms
1965 ms
1980 ms
1984 ms
1984 ms
1967 ms
1985 ms
191623 ms
191715 ms
2007 ms
191656 ms
191262 ms
190897 ms
1995 ms
191038 ms
191158 ms
191535 ms
191764 ms
1981 ms
191607 ms
192041 ms
191868 ms
192193 ms
2019 ms
2006 ms
2006 ms
192719 ms
2021 ms
192692 ms
2027 ms
2012 ms
192874 ms
2026 ms
2019 ms
2011 ms
193451 ms
193875 ms
2035 ms
2026 ms
2031 ms
194522 ms
2048 ms
1999 ms
194650 ms
1518 ms
2025 ms
194819 ms
2041 ms
518 ms
2092 ms
539 ms
2071 ms
524 ms
49 ms
2097 ms
2054 ms
2045 ms
2053 ms
517 ms
557 ms
552 ms
593 ms
2089 ms
2063 ms
197038 ms
2077 ms
197884 ms
521 ms
2119 ms
47 ms
47 ms
2039 ms
510 ms
2131 ms
40 ms
2034 ms
39 ms
2082 ms
492 ms
564 ms
527 ms
38 ms
587 ms
2148 ms
483 ms
2140 ms
2105 ms
200658 ms
200464 ms
200814 ms
201041 ms
201378 ms
201277 ms
201906 ms
202147 ms
202501 ms
202408 ms
202216 ms
202644 ms
202792 ms
203193 ms
203445 ms
203460 ms
204000 ms
204661 ms
204624 ms
204922 ms
204881 ms
204978 ms
205329 ms
205241 ms
205586 ms
205574 ms
205411 ms
205702 ms
205833 ms
205580 ms
205947 ms
206568 ms
2197 ms
206578 ms
207334 ms
207723 ms
208561 ms
208581 ms
208621 ms
208517 ms
208495 ms
208602 ms
209138 ms
209269 ms
209074 ms
209372 ms
209459 ms
209429 ms
209310 ms
209714 ms
210137 ms
211343 ms
2262 ms
211527 ms
211885 ms
211544 ms
211873 ms
2275 ms
213678 ms
2275 ms
2270 ms
213466 ms
214016 ms
2288 ms
214628 ms
214535 ms
214585 ms
215219 ms
2303 ms
215667 ms
2303 ms
2298 ms
216239 ms
2285 ms
216487 ms
2275 ms
216461 ms
217354 ms
217526 ms
217360 ms
217918 ms
217995 ms
2340 ms
218622 ms
218605 ms
2360 ms
219538 ms
218674 ms
218665 ms
219941 ms
219305 ms
219272 ms
219732 ms
220244 ms
220374 ms
220910 ms
2377 ms
2366 ms
221680 ms
221609 ms
2383 ms
221587 ms
2348 ms
221443 ms
221547 ms
221330 ms
223010 ms
224161 ms
2445 ms
2402 ms
222542 ms
2420 ms
223003 ms
2423 ms
2367 ms
2408 ms
2407 ms
222878 ms
223252 ms
2422 ms
223604 ms
2431 ms
2414 ms
223273 ms
2442 ms
2423 ms
2425 ms
631 ms
2469 ms
62 ms
64 ms
653 ms
2477 ms
224211 ms
2441 ms
2426 ms
650 ms
2449 ms
224488 ms
669 ms
2497 ms
2432 ms
623 ms
2492 ms
2435 ms
2446 ms
60 ms
2460 ms
623 ms
2493 ms
621 ms
644 ms
226560 ms
2508 ms
631 ms
2462 ms
2468 ms
625 ms
2515 ms
229041 ms
228539 ms
2490 ms
536 ms
688 ms
2549 ms
2482 ms
2480 ms
438 ms
229746 ms
2499 ms
230527 ms
230000 ms
230174 ms
229577 ms
229193 ms
230576 ms
229963 ms
230452 ms
230557 ms
2537 ms
230013 ms
230167 ms
231137 ms
231669 ms
231557 ms
232397 ms
231870 ms
232955 ms
233190 ms
234201 ms
232884 ms
231369 ms
230501 ms
231732 ms
231486 ms
231312 ms
231450 ms
232012 ms
231923 ms
2554 ms
2536 ms
231682 ms
231697 ms
2551 ms
2532 ms
232166 ms
232198 ms
232690 ms
233340 ms
235726 ms
236641 ms
2620 ms
237977 ms
237160 ms
2619 ms
2623 ms
237036 ms
237157 ms
237596 ms
238279 ms
237586 ms
237270 ms
237810 ms
238426 ms
238812 ms
239851 ms
239036 ms
240166 ms
2661 ms
2648 ms
240669 ms
2630 ms
240299 ms
2678 ms
240454 ms
241483 ms
2673 ms
240646 ms
241798 ms
241303 ms
241701 ms
241798 ms
242339 ms
242603 ms
242526 ms
2715 ms
243882 ms
243106 ms
2702 ms
243513 ms
244111 ms
243898 ms
243833 ms
2697 ms
244251 ms
2723 ms
2703 ms
2706 ms
