2565 ms
2562 ms
2595 ms
2615 ms
2597 ms
2629 ms
2643 ms
2651 ms
2667 ms
2647 ms
2682 ms
2694 ms
2661 ms
2699 ms
2670 ms
2698 ms
2670 ms
2702 ms
2710 ms
2706 ms
2719 ms
2725 ms
2718 ms
2717 ms
2723 ms
2720 ms
2725 ms
2721 ms
2724 ms
2731 ms
2698 ms
2727 ms
2742 ms
2738 ms
2742 ms
2737 ms
2735 ms
2741 ms
2701 ms
2747 ms
2751 ms
2742 ms
2754 ms
2752 ms
2761 ms
2754 ms
2764 ms
2759 ms
2755 ms
2763 ms
2764 ms
2763 ms
2713 ms
2772 ms
2771 ms
2777 ms
2780 ms
2777 ms
2769 ms
2776 ms
2784 ms
2770 ms
2713 ms
2779 ms
2783 ms
2782 ms
2692 ms
2782 ms
2768 ms
2790 ms
2795 ms
2792 ms
2792 ms
2777 ms
2380 ms
2796 ms
2798 ms
2809 ms
2805 ms
2802 ms
2810 ms
2787 ms
2786 ms
2819 ms
2811 ms
2820 ms
2787 ms
2816 ms
2812 ms
2824 ms
2824 ms
2834 ms
2796 ms
2825 ms
2826 ms
2826 ms
2827 ms
2822 ms
2830 ms
2797 ms
2837 ms
2834 ms
2838 ms
2821 ms
2836 ms
2843 ms
2842 ms
2852 ms
2853 ms
2843 ms
2840 ms
2846 ms
2852 ms
2855 ms
2846 ms
2855 ms
2856 ms
2859 ms
2857 ms
2821 ms
2862 ms
2821 ms
2870 ms
2868 ms
2857 ms
2863 ms
2871 ms
2827 ms
2860 ms
2871 ms
2872 ms
2883 ms
2880 ms
2886 ms
2863 ms
2887 ms
2877 ms
2886 ms
2875 ms
2883 ms
2880 ms
2884 ms
2888 ms
2892 ms
2820 ms
2894 ms
2898 ms
2893 ms
2816 ms
2900 ms
2899 ms
2899 ms
2785 ms
2887 ms
2903 ms
2765 ms
2907 ms
2906 ms
2702 ms
2904 ms
2914 ms
2919 ms
2917 ms
2926 ms
2917 ms
2919 ms
2919 ms
2916 ms
2916 ms
2920 ms
2925 ms
2935 ms
2931 ms
2932 ms
2936 ms
2938 ms
2940 ms
2936 ms
2938 ms
2933 ms
2934 ms
2940 ms
2941 ms
2937 ms
2944 ms
2947 ms
2946 ms
2941 ms
2942 ms
2949 ms
2947 ms
2950 ms
2949 ms
2949 ms
2949 ms
2965 ms
2964 ms
2953 ms
2958 ms
2958 ms
2958 ms
2958 ms
2965 ms
2965 ms
2962 ms
2968 ms
2965 ms
2962 ms
2973 ms
2963 ms
2972 ms
2970 ms
2969 ms
2971 ms
2969 ms
2971 ms
2974 ms
2978 ms
2976 ms
2984 ms
2980 ms
2977 ms
2986 ms
2987 ms
2980 ms
2981 ms
2980 ms
2995 ms
2986 ms
2992 ms
2994 ms
2987 ms
2989 ms
2995 ms
2990 ms
3007 ms
3004 ms
3009 ms
3008 ms
3004 ms
3009 ms
3016 ms
3010 ms
3018 ms
3010 ms
3016 ms
3007 ms
3022 ms
3017 ms
3023 ms
3022 ms
3021 ms
3028 ms
3033 ms
3027 ms
3019 ms
3027 ms
3031 ms
3033 ms
3049 ms
3034 ms
3040 ms
3033 ms
3038 ms
3032 ms
3039 ms
3039 ms
3049 ms
3037 ms
3045 ms
3046 ms
3043 ms
3040 ms
3051 ms
3040 ms
3049 ms
3051 ms
3055 ms
3056 ms
3055 ms
3053 ms
3057 ms
3060 ms
3062 ms
3057 ms
3057 ms
3058 ms
3061 ms
3063 ms
3067 ms
3069 ms
3020 ms
3071 ms
3069 ms
3074 ms
3071 ms
3080 ms
3079 ms
3082 ms
3081 ms
3070 ms
3080 ms
3085 ms
3089 ms
3082 ms
3070 ms
3081 ms
3089 ms
3084 ms
3091 ms
3093 ms
3087 ms
3097 ms
3098 ms
3098 ms
3091 ms
3090 ms
3093 ms
3081 ms
3097 ms
3103 ms
3090 ms
3108 ms
3105 ms
3103 ms
3087 ms
3096 ms
3083 ms
3113 ms
3097 ms
3107 ms
3116 ms
3108 ms
3108 ms
3120 ms
3118 ms
3080 ms
3079 ms
3117 ms
3118 ms
3125 ms
3114 ms
3128 ms
3133 ms
3129 ms
3118 ms
3123 ms
3131 ms
3087 ms
3080 ms
3048 ms
3137 ms
3092 ms
3129 ms
3137 ms
3122 ms
3128 ms
3081 ms
3140 ms
3113 ms
3014 ms
3118 ms
3109 ms
2844 ms
3130 ms
3138 ms
3139 ms
3140 ms
3027 ms
3122 ms
3040 ms
3121 ms
3147 ms
3134 ms
3124 ms
3134 ms
3139 ms
3128 ms
3101 ms
3175 ms
3131 ms
3137 ms
3143 ms
3165 ms
3116 ms
3162 ms
3166 ms
2847 ms
3168 ms
3127 ms
3158 ms
3168 ms
3147 ms
3175 ms
3179 ms
3179 ms
3132 ms
3117 ms
3160 ms
3168 ms
3162 ms
3177 ms
3183 ms
3189 ms
3163 ms
3193 ms
3189 ms
3190 ms
3151 ms
3160 ms
3192 ms
3196 ms
3189 ms
3201 ms
3210 ms
3151 ms
3201 ms
3202 ms
3137 ms
3215 ms
3207 ms
3204 ms
3214 ms
3213 ms
3217 ms
3222 ms
3219 ms
3220 ms
3223 ms
3239 ms
3218 ms
3217 ms
3227 ms
3225 ms
3189 ms
3234 ms
3235 ms
3235 ms
3185 ms
3243 ms
3241 ms
3227 ms
3245 ms
3231 ms
3237 ms
3229 ms
3236 ms
3192 ms
3237 ms
3192 ms
3231 ms
3236 ms
3194 ms
3189 ms
3264 ms
3250 ms
3251 ms
3270 ms
3257 ms
3269 ms
3257 ms
3253 ms
3263 ms
3270 ms
3235 ms
3262 ms
3245 ms
3261 ms
3269 ms
3287 ms
3273 ms
3272 ms
3279 ms
3247 ms
3287 ms
3283 ms
3284 ms
3287 ms
3285 ms
3302 ms
3284 ms
3288 ms
3296 ms
3292 ms
3255 ms
3286 ms
3291 ms
3300 ms
3297 ms
3313 ms
3300 ms
3297 ms
3307 ms
3307 ms
3272 ms
3320 ms
3323 ms
3267 ms
3280 ms
3281 ms
3312 ms
3316 ms
3323 ms
3285 ms
3326 ms
3335 ms
3325 ms
3332 ms
3330 ms
3336 ms
3329 ms
3332 ms
3336 ms
3282 ms
3345 ms
3349 ms
3334 ms
3344 ms
3338 ms
3365 ms
3349 ms
3356 ms
3288 ms
3359 ms
3294 ms
3348 ms
3287 ms
3367 ms
3295 ms
3377 ms
3284 ms
3281 ms
3363 ms
3358 ms
3374 ms
3286 ms
3374 ms
3377 ms
3356 ms
3392 ms
3376 ms
3359 ms
3393 ms
3253 ms
3400 ms
3245 ms
3386 ms
3387 ms
2809 ms
3400 ms
3404 ms
3397 ms
3401 ms
3384 ms
3405 ms
3387 ms
3412 ms
3379 ms
3413 ms
3415 ms
3418 ms
3410 ms
3419 ms
3414 ms
3386 ms
3409 ms
3391 ms
3431 ms
3405 ms
3432 ms
3446 ms
3426 ms
3407 ms
3440 ms
3437 ms
3434 ms
3403 ms
3445 ms
3447 ms
3406 ms
3461 ms
3446 ms
3449 ms
3450 ms
3453 ms
3451 ms
3456 ms
3456 ms
3459 ms
3458 ms
3473 ms
3459 ms
3416 ms
3463 ms
3465 ms
3465 ms
3417 ms
3467 ms
3474 ms
3476 ms
3480 ms
3459 ms
3469 ms
3477 ms
3467 ms
3478 ms
3475 ms
3478 ms
3483 ms
3430 ms
3440 ms
3432 ms
3481 ms
3480 ms
3492 ms
3498 ms
3492 ms
3440 ms
3425 ms
3431 ms
3507 ms
3489 ms
3499 ms
3505 ms
3505 ms
3422 ms
3484 ms
3433 ms
3504 ms
3515 ms
3437 ms
3508 ms
3514 ms
3519 ms
3426 ms
3444 ms
3500 ms
3517 ms
3423 ms
3499 ms
3509 ms
3524 ms
3414 ms
3511 ms
3515 ms
3528 ms
3540 ms
3553 ms
3517 ms
3543 ms
3515 ms
3554 ms
3545 ms
3562 ms
3547 ms
3549 ms
