3232 ms
1716 ms
2984 ms
2888 ms
3351 ms
3148 ms
3625 ms
2955 ms
2966 ms
2972 ms
2981 ms
2981 ms
2982 ms
2987 ms
2989 ms
2992 ms
1785 ms
2986 ms
2998 ms
1784 ms
1784 ms
1788 ms
1785 ms
1787 ms
1784 ms
3599 ms
3601 ms
3603 ms
3602 ms
3609 ms
3705 ms
3711 ms
1794 ms
3712 ms
3708 ms
1796 ms
3718 ms
3718 ms
3713 ms
3717 ms
1797 ms
1798 ms
3726 ms
3726 ms
1800 ms
3381 ms
4142 ms
1793 ms
3612 ms
3740 ms
3725 ms
3719 ms
3718 ms
3721 ms
3726 ms
3167 ms
3028 ms
3626 ms
4072 ms
1898 ms
3517 ms
4504 ms
1892 ms
4511 ms
4497 ms
4512 ms
4503 ms
4506 ms
4505 ms
4515 ms
4512 ms
1904 ms
4510 ms
4521 ms
4524 ms
1911 ms
3921 ms
3920 ms
3919 ms
3056 ms
3929 ms
1915 ms
3428 ms
1920 ms
1915 ms
3073 ms
1926 ms
1918 ms
3074 ms
3585 ms
1918 ms
1922 ms
3596 ms
3943 ms
3945 ms
3945 ms
3957 ms
3949 ms
3961 ms
3953 ms
3952 ms
1923 ms
3214 ms
1922 ms
1924 ms
4120 ms
4117 ms
4118 ms
4117 ms
4120 ms
4122 ms
1927 ms
4133 ms
1929 ms
3463 ms
4136 ms
1927 ms
1936 ms
3606 ms
4447 ms
4441 ms
4441 ms
4437 ms
4442 ms
4445 ms
4441 ms
4448 ms
4447 ms
4451 ms
4457 ms
3593 ms
3592 ms
3604 ms
3594 ms
3605 ms
3820 ms
1946 ms
4098 ms
4092 ms
4097 ms
4103 ms
1944 ms
1946 ms
3611 ms
1948 ms
1948 ms
1945 ms
1953 ms
1945 ms
1946 ms
4478 ms
4463 ms
4460 ms
4458 ms
4476 ms
4467 ms
4465 ms
4461 ms
4463 ms
4478 ms
4473 ms
4475 ms
4103 ms
3850 ms
1958 ms
1956 ms
3147 ms
4116 ms
4126 ms
4133 ms
4137 ms
4139 ms
4138 ms
4136 ms
1962 ms
4146 ms
4145 ms
1964 ms
1966 ms
4035 ms
3791 ms
1974 ms
4522 ms
1964 ms
1972 ms
3903 ms
1973 ms
1969 ms
3656 ms
1982 ms
1969 ms
1969 ms
4514 ms
4070 ms
1969 ms
1983 ms
1971 ms
4144 ms
4151 ms
1975 ms
4144 ms
4154 ms
4163 ms
1977 ms
1988 ms
1979 ms
3904 ms
4236 ms
1976 ms
1978 ms
4770 ms
4763 ms
4759 ms
4768 ms
4770 ms
4777 ms
4769 ms
4770 ms
4772 ms
4772 ms
4250 ms
3998 ms
1986 ms
4011 ms
4003 ms
4012 ms
1991 ms
3479 ms
5154 ms
5147 ms
4771 ms
5151 ms
5151 ms
5156 ms
5160 ms
1997 ms
5161 ms
5166 ms
1997 ms
3846 ms
4201 ms
4213 ms
4218 ms
4223 ms
4228 ms
4223 ms
4224 ms
4229 ms
4232 ms
4223 ms
2000 ms
4245 ms
4230 ms
3740 ms
2008 ms
3388 ms
3632 ms
2015 ms
4254 ms
4852 ms
4990 ms
4990 ms
4994 ms
4993 ms
4609 ms
5002 ms
5002 ms
5005 ms
2026 ms
2021 ms
3897 ms
2032 ms
4863 ms
4859 ms
4867 ms
4882 ms
4867 ms
4887 ms
2021 ms
4903 ms
4895 ms
4444 ms
4878 ms
4884 ms
4889 ms
4891 ms
3438 ms
3793 ms
3834 ms
2030 ms
2045 ms
3451 ms
3944 ms
4207 ms
5269 ms
5272 ms
4881 ms
5273 ms
5278 ms
5285 ms
2049 ms
3817 ms
5287 ms
5295 ms
2046 ms
4401 ms
4703 ms
4703 ms
2948 ms
4715 ms
4708 ms
4719 ms
4716 ms
4714 ms
4722 ms
4723 ms
2053 ms
5240 ms
2059 ms
3331 ms
4961 ms
4963 ms
4973 ms
4972 ms
4973 ms
4986 ms
4982 ms
2060 ms
4991 ms
4992 ms
4987 ms
4997 ms
5006 ms
2062 ms
3751 ms
4290 ms
2060 ms
2077 ms
2077 ms
4390 ms
4372 ms
4371 ms
4381 ms
4390 ms
4383 ms
4377 ms
4385 ms
2066 ms
3901 ms
2065 ms
5299 ms
5305 ms
5311 ms
5308 ms
5306 ms
2067 ms
5318 ms
5313 ms
5321 ms
5326 ms
2071 ms
2094 ms
5329 ms
5329 ms
5328 ms
5335 ms
5350 ms
5336 ms
5349 ms
5345 ms
5344 ms
5340 ms
2082 ms
5363 ms
5347 ms
5348 ms
5359 ms
5358 ms
4448 ms
4448 ms
2088 ms
2094 ms
5426 ms
5412 ms
5413 ms
5418 ms
5416 ms
2092 ms
4543 ms
4995 ms
4996 ms
5003 ms
5017 ms
5007 ms
4310 ms
2102 ms
5509 ms
2101 ms
2114 ms
3066 ms
2118 ms
5429 ms
5438 ms
2125 ms
5439 ms
5446 ms
5454 ms
5446 ms
5452 ms
5462 ms
5449 ms
5468 ms
5468 ms
5468 ms
5466 ms
5457 ms
5469 ms
5479 ms
5471 ms
5487 ms
5471 ms
5475 ms
5503 ms
5484 ms
5486 ms
5492 ms
5513 ms
2131 ms
4024 ms
4264 ms
5278 ms
3671 ms
3664 ms
5057 ms
5067 ms
5063 ms
5063 ms
4614 ms
5234 ms
5232 ms
2143 ms
4760 ms
5241 ms
3536 ms
2149 ms
5533 ms
5079 ms
5883 ms
5886 ms
5886 ms
5880 ms
5884 ms
5892 ms
5897 ms
5903 ms
5907 ms
5903 ms
5929 ms
5921 ms
5931 ms
2163 ms
5932 ms
2161 ms
3574 ms
5186 ms
5186 ms
5194 ms
2164 ms
5207 ms
5199 ms
5201 ms
5198 ms
5202 ms
5199 ms
5226 ms
5307 ms
5698 ms
5704 ms
5704 ms
5706 ms
5729 ms
5726 ms
5738 ms
5718 ms
5719 ms
5717 ms
5729 ms
5754 ms
5739 ms
4580 ms
5509 ms
5508 ms
2207 ms
5498 ms
2192 ms
5196 ms
5178 ms
5179 ms
2187 ms
4405 ms
3631 ms
2195 ms
5520 ms
5517 ms
5526 ms
5522 ms
5523 ms
2200 ms
5444 ms
5435 ms
5444 ms
5463 ms
5443 ms
5053 ms
5447 ms
5455 ms
5461 ms
5465 ms
5472 ms
5498 ms
5480 ms
2231 ms
5814 ms
5821 ms
5811 ms
5815 ms
5829 ms
5822 ms
5826 ms
5821 ms
5940 ms
5952 ms
4765 ms
5936 ms
5937 ms
5948 ms
5960 ms
5969 ms
5952 ms
5947 ms
5964 ms
5380 ms
5381 ms
5409 ms
5390 ms
5390 ms
5414 ms
5396 ms
5402 ms
5402 ms
5403 ms
4906 ms
4904 ms
5798 ms
5799 ms
3411 ms
5782 ms
5812 ms
5815 ms
5826 ms
2248 ms
3747 ms
2254 ms
5354 ms
5728 ms
6407 ms
6425 ms
6412 ms
6406 ms
6423 ms
2255 ms
6440 ms
2261 ms
4852 ms
2264 ms
6182 ms
6195 ms
6189 ms
6206 ms
6214 ms
6191 ms
2266 ms
6203 ms
6224 ms
6232 ms
6222 ms
4612 ms
6223 ms
6223 ms
4896 ms
5947 ms
2277 ms
4095 ms
5008 ms
5006 ms
2284 ms
4505 ms
4623 ms
5004 ms
5004 ms
4904 ms
4108 ms
2290 ms
5438 ms
4906 ms
2296 ms
4386 ms
5610 ms
5343 ms
5354 ms
5364 ms
5361 ms
5353 ms
5361 ms
5371 ms
2291 ms
2301 ms
5955 ms
5939 ms
5972 ms
5953 ms
5964 ms
5969 ms
5976 ms
5998 ms
5989 ms
4450 ms
5864 ms
5855 ms
6012 ms
4589 ms
4711 ms
4706 ms
4704 ms
4712 ms
4714 ms
5723 ms
5731 ms
5273 ms
5723 ms
2322 ms
5732 ms
5744 ms
6050 ms
4860 ms
5476 ms
4950 ms
4940 ms
4938 ms
4968 ms
4940 ms
5044 ms
6016 ms
2336 ms
6011 ms
5042 ms
