6491 ms
6596 ms
6650 ms
6679 ms
6711 ms
6726 ms
6731 ms
6748 ms
6760 ms
6758 ms
6756 ms
6766 ms
6757 ms
6757 ms
6764 ms
6766 ms
6762 ms
6779 ms
6777 ms
6766 ms
6768 ms
6768 ms
6770 ms
6778 ms
6780 ms
6781 ms
6783 ms
6781 ms
6791 ms
6781 ms
6784 ms
6792 ms
6789 ms
6800 ms
6794 ms
6798 ms
6795 ms
6802 ms
6799 ms
6813 ms
6808 ms
6805 ms
6800 ms
6806 ms
6810 ms
6816 ms
6808 ms
6808 ms
6806 ms
6822 ms
6821 ms
6814 ms
6821 ms
6818 ms
6828 ms
6819 ms
6826 ms
6827 ms
6836 ms
6822 ms
6835 ms
6836 ms
6841 ms
6839 ms
6812 ms
6832 ms
6832 ms
6842 ms
6846 ms
6846 ms
6847 ms
6849 ms
6851 ms
6847 ms
6851 ms
6859 ms
6852 ms
6856 ms
6854 ms
6853 ms
6864 ms
6850 ms
6895 ms
6865 ms
6865 ms
6859 ms
6862 ms
6857 ms
6849 ms
6868 ms
6857 ms
6865 ms
6867 ms
6864 ms
6861 ms
6872 ms
6862 ms
6874 ms
6876 ms
6871 ms
6883 ms
6893 ms
6878 ms
6879 ms
6883 ms
6883 ms
6893 ms
6884 ms
6897 ms
6881 ms
6882 ms
6892 ms
6892 ms
6892 ms
6902 ms
6907 ms
6893 ms
6896 ms
6897 ms
6899 ms
6914 ms
6895 ms
6896 ms
6913 ms
6908 ms
6913 ms
6906 ms
6908 ms
6919 ms
6916 ms
6922 ms
6910 ms
6916 ms
6915 ms
6928 ms
6917 ms
6914 ms
6920 ms
6928 ms
6929 ms
6928 ms
6933 ms
6947 ms
6950 ms
6933 ms
6934 ms
6948 ms
6938 ms
6931 ms
6931 ms
6933 ms
6934 ms
6939 ms
6932 ms
6957 ms
6954 ms
6950 ms
6951 ms
6953 ms
6940 ms
6946 ms
6946 ms
6956 ms
6955 ms
6967 ms
6943 ms
6963 ms
6972 ms
6968 ms
6960 ms
6965 ms
6968 ms
6968 ms
6955 ms
6961 ms
6959 ms
6968 ms
6967 ms
6971 ms
6979 ms
6972 ms
6983 ms
6981 ms
6982 ms
6971 ms
6981 ms
6990 ms
6992 ms
6982 ms
6989 ms
7004 ms
6991 ms
6985 ms
6983 ms
6983 ms
6996 ms
6989 ms
6999 ms
6995 ms
7020 ms
6991 ms
6987 ms
6997 ms
6998 ms
6996 ms
6996 ms
6992 ms
7010 ms
7005 ms
7018 ms
7006 ms
7001 ms
7006 ms
6998 ms
7018 ms
7002 ms
7022 ms
7008 ms
6955 ms
7007 ms
7006 ms
7019 ms
7010 ms
7010 ms
7013 ms
7004 ms
7029 ms
7020 ms
7027 ms
7043 ms
7033 ms
7028 ms
7034 ms
7036 ms
7039 ms
7041 ms
7034 ms
7035 ms
7040 ms
7039 ms
7049 ms
7048 ms
7043 ms
7059 ms
7053 ms
7052 ms
7049 ms
7043 ms
7046 ms
7049 ms
7061 ms
7068 ms
7056 ms
7059 ms
7058 ms
7062 ms
7055 ms
7053 ms
7065 ms
7068 ms
7068 ms
7056 ms
7065 ms
7066 ms
7085 ms
7063 ms
7067 ms
7069 ms
7072 ms
7079 ms
7089 ms
7082 ms
7076 ms
7083 ms
7071 ms
7088 ms
7075 ms
7083 ms
7082 ms
7083 ms
7078 ms
7084 ms
7090 ms
7085 ms
7084 ms
7096 ms
7094 ms
7097 ms
7088 ms
7098 ms
7088 ms
7101 ms
7107 ms
7096 ms
7103 ms
7114 ms
7127 ms
7099 ms
7106 ms
7118 ms
7115 ms
7109 ms
7114 ms
7113 ms
7121 ms
7110 ms
7109 ms
7087 ms
7127 ms
7118 ms
7117 ms
7117 ms
7119 ms
7116 ms
7122 ms
7142 ms
7138 ms
7124 ms
7127 ms
7135 ms
7135 ms
7150 ms
7130 ms
7134 ms
7131 ms
7147 ms
7143 ms
7131 ms
7150 ms
7134 ms
7135 ms
7131 ms
7152 ms
7151 ms
7154 ms
7152 ms
7153 ms
7160 ms
7160 ms
7159 ms
7149 ms
7168 ms
7160 ms
7162 ms
7172 ms
7167 ms
7160 ms
7162 ms
7165 ms
7171 ms
7172 ms
7175 ms
7177 ms
7179 ms
7182 ms
7175 ms
7185 ms
7190 ms
7181 ms
7182 ms
7182 ms
7192 ms
7183 ms
7192 ms
7189 ms
7180 ms
7189 ms
7184 ms
7190 ms
7203 ms
7198 ms
7191 ms
7207 ms
7211 ms
7198 ms
7190 ms
7197 ms
7218 ms
7198 ms
7208 ms
7211 ms
7207 ms
7204 ms
7201 ms
7204 ms
7210 ms
7209 ms
7214 ms
7211 ms
7219 ms
7228 ms
7222 ms
7218 ms
7233 ms
7224 ms
7216 ms
7216 ms
7214 ms
7216 ms
7214 ms
7215 ms
7233 ms
7223 ms
7220 ms
7222 ms
7214 ms
7223 ms
7221 ms
7227 ms
7233 ms
7240 ms
7246 ms
7235 ms
7240 ms
7237 ms
7235 ms
7236 ms
7241 ms
7264 ms
7241 ms
7240 ms
7246 ms
7247 ms
7242 ms
7249 ms
7239 ms
7258 ms
7248 ms
7256 ms
7264 ms
7249 ms
7252 ms
7258 ms
7279 ms
7272 ms
7266 ms
7283 ms
7274 ms
7274 ms
7239 ms
7268 ms
7272 ms
7273 ms
7290 ms
7275 ms
7292 ms
7266 ms
7274 ms
7274 ms
7278 ms
7280 ms
7274 ms
7279 ms
7283 ms
7274 ms
7283 ms
7274 ms
7295 ms
7292 ms
7284 ms
7292 ms
7290 ms
7287 ms
7289 ms
7294 ms
7287 ms
7298 ms
7298 ms
7301 ms
7305 ms
7302 ms
7296 ms
7302 ms
7304 ms
7322 ms
7312 ms
7317 ms
7311 ms
7321 ms
7327 ms
7328 ms
7317 ms
7333 ms
7319 ms
7320 ms
7327 ms
7327 ms
7329 ms
7340 ms
7326 ms
7334 ms
7327 ms
7338 ms
7321 ms
7342 ms
7332 ms
7338 ms
7337 ms
7340 ms
7337 ms
7330 ms
7332 ms
7337 ms
7357 ms
7343 ms
7331 ms
7341 ms
7352 ms
7340 ms
7346 ms
7343 ms
7357 ms
7350 ms
7360 ms
7351 ms
7351 ms
7352 ms
7355 ms
7364 ms
7359 ms
7351 ms
7356 ms
7363 ms
7357 ms
7355 ms
7364 ms
7363 ms
7362 ms
7373 ms
7375 ms
7381 ms
7375 ms
7386 ms
7381 ms
7384 ms
7384 ms
7381 ms
7384 ms
7383 ms
7384 ms
7388 ms
7387 ms
7381 ms
7400 ms
7386 ms
7393 ms
7409 ms
7389 ms
7362 ms
7398 ms
7399 ms
7410 ms
7404 ms
7420 ms
7402 ms
7416 ms
7397 ms
7415 ms
7397 ms
7405 ms
7401 ms
7411 ms
7428 ms
7415 ms
7416 ms
7409 ms
7417 ms
7417 ms
7414 ms
7436 ms
7427 ms
7420 ms
7419 ms
7419 ms
7428 ms
7439 ms
7426 ms
7438 ms
7436 ms
7442 ms
7429 ms
7429 ms
7426 ms
7431 ms
7434 ms
7445 ms
7431 ms
7432 ms
7453 ms
7457 ms
7456 ms
7463 ms
7460 ms
7463 ms
7454 ms
7469 ms
7456 ms
7473 ms
7463 ms
7471 ms
7465 ms
7480 ms
7475 ms
7476 ms
7475 ms
7466 ms
7482 ms
7472 ms
7498 ms
7492 ms
7473 ms
7488 ms
7482 ms
7500 ms
7498 ms
7499 ms
7495 ms
7509 ms
7500 ms
7497 ms
7510 ms
7500 ms
7505 ms
7500 ms
7511 ms
7513 ms
7532 ms
7521 ms
7511 ms
7517 ms
7530 ms
7528 ms
7541 ms
7523 ms
7514 ms
7518 ms
7527 ms
7525 ms
7528 ms
7535 ms
7534 ms
7536 ms
7536 ms
7527 ms
7553 ms
7540 ms
7553 ms
7550 ms
7559 ms
7563 ms
7550 ms
7547 ms
7546 ms
7553 ms
7544 ms
7546 ms
