377 ms
374 ms
396 ms
354 ms
396 ms
404 ms
411 ms
372 ms
357 ms
400 ms
386 ms
395 ms
18 ms
413 ms
378 ms
414 ms
3 ms
383 ms
383 ms
381 ms
372 ms
411 ms
398 ms
417 ms
397 ms
408 ms
404 ms
378 ms
406 ms
407 ms
407 ms
387 ms
2 ms
421 ms
423 ms
366 ms
2 ms
393 ms
408 ms
394 ms
416 ms
419 ms
405 ms
402 ms
398 ms
390 ms
379 ms
422 ms
384 ms
422 ms
400 ms
409 ms
412 ms
428 ms
421 ms
393 ms
424 ms
418 ms
389 ms
388 ms
421 ms
426 ms
393 ms
393 ms
414 ms
411 ms
394 ms
425 ms
427 ms
413 ms
422 ms
408 ms
393 ms
419 ms
413 ms
422 ms
394 ms
428 ms
410 ms
413 ms
426 ms
403 ms
426 ms
424 ms
432 ms
409 ms
373 ms
388 ms
380 ms
376 ms
395 ms
410 ms
429 ms
18 ms
386 ms
407 ms
420 ms
425 ms
394 ms
414 ms
423 ms
393 ms
423 ms
431 ms
2 ms
423 ms
395 ms
427 ms
3 ms
423 ms
404 ms
388 ms
403 ms
425 ms
396 ms
398 ms
427 ms
427 ms
393 ms
399 ms
396 ms
386 ms
390 ms
376 ms
385 ms
397 ms
393 ms
416 ms
382 ms
388 ms
430 ms
409 ms
385 ms
422 ms
2 ms
399 ms
384 ms
395 ms
399 ms
427 ms
404 ms
433 ms
435 ms
2 ms
383 ms
423 ms
397 ms
399 ms
418 ms
395 ms
426 ms
2 ms
396 ms
378 ms
393 ms
434 ms
3 ms
416 ms
390 ms
424 ms
379 ms
425 ms
410 ms
432 ms
383 ms
409 ms
432 ms
369 ms
398 ms
432 ms
422 ms
424 ms
403 ms
392 ms
392 ms
426 ms
18 ms
386 ms
416 ms
436 ms
435 ms
419 ms
431 ms
405 ms
404 ms
428 ms
389 ms
423 ms
407 ms
3 ms
401 ms
427 ms
426 ms
428 ms
424 ms
399 ms
399 ms
404 ms
404 ms
400 ms
432 ms
427 ms
387 ms
374 ms
411 ms
423 ms
427 ms
407 ms
419 ms
421 ms
398 ms
424 ms
400 ms
392 ms
386 ms
421 ms
411 ms
431 ms
431 ms
395 ms
426 ms
420 ms
415 ms
435 ms
390 ms
402 ms
400 ms
396 ms
420 ms
431 ms
411 ms
20 ms
380 ms
431 ms
415 ms
2 ms
399 ms
415 ms
400 ms
390 ms
401 ms
19 ms
440 ms
401 ms
409 ms
412 ms
406 ms
437 ms
395 ms
402 ms
393 ms
19 ms
422 ms
405 ms
429 ms
410 ms
3 ms
19 ms
2 ms
417 ms
404 ms
397 ms
408 ms
409 ms
432 ms
437 ms
442 ms
431 ms
393 ms
405 ms
430 ms
394 ms
430 ms
388 ms
426 ms
399 ms
403 ms
436 ms
388 ms
432 ms
404 ms
396 ms
395 ms
2 ms
414 ms
404 ms
407 ms
2 ms
439 ms
436 ms
426 ms
393 ms
389 ms
415 ms
392 ms
394 ms
395 ms
431 ms
427 ms
397 ms
436 ms
425 ms
430 ms
430 ms
406 ms
409 ms
407 ms
388 ms
433 ms
405 ms
2 ms
19 ms
400 ms
431 ms
419 ms
417 ms
439 ms
394 ms
396 ms
440 ms
413 ms
409 ms
386 ms
425 ms
428 ms
437 ms
393 ms
416 ms
436 ms
443 ms
19 ms
403 ms
443 ms
409 ms
408 ms
431 ms
403 ms
391 ms
419 ms
424 ms
439 ms
18 ms
427 ms
397 ms
414 ms
427 ms
410 ms
411 ms
415 ms
440 ms
442 ms
417 ms
437 ms
408 ms
412 ms
431 ms
427 ms
413 ms
412 ms
442 ms
408 ms
430 ms
397 ms
444 ms
2 ms
444 ms
397 ms
429 ms
2 ms
407 ms
2 ms
413 ms
428 ms
2 ms
425 ms
412 ms
438 ms
418 ms
2 ms
405 ms
441 ms
421 ms
416 ms
404 ms
403 ms
398 ms
430 ms
395 ms
401 ms
399 ms
406 ms
438 ms
403 ms
3 ms
439 ms
417 ms
452 ms
443 ms
414 ms
413 ms
2 ms
416 ms
407 ms
415 ms
449 ms
430 ms
452 ms
440 ms
449 ms
393 ms
420 ms
442 ms
442 ms
439 ms
414 ms
394 ms
423 ms
426 ms
448 ms
405 ms
445 ms
449 ms
441 ms
436 ms
452 ms
19 ms
419 ms
417 ms
410 ms
437 ms
419 ms
415 ms
3 ms
3 ms
417 ms
416 ms
405 ms
2 ms
19 ms
412 ms
422 ms
404 ms
416 ms
447 ms
399 ms
431 ms
445 ms
449 ms
448 ms
407 ms
2 ms
441 ms
432 ms
454 ms
430 ms
440 ms
2 ms
419 ms
408 ms
409 ms
19 ms
450 ms
424 ms
440 ms
446 ms
442 ms
412 ms
444 ms
422 ms
447 ms
437 ms
449 ms
455 ms
405 ms
410 ms
3 ms
451 ms
438 ms
395 ms
429 ms
452 ms
450 ms
452 ms
415 ms
416 ms
2 ms
402 ms
407 ms
435 ms
2 ms
451 ms
441 ms
444 ms
413 ms
422 ms
452 ms
19 ms
19 ms
409 ms
398 ms
397 ms
2 ms
405 ms
420 ms
420 ms
426 ms
428 ms
446 ms
433 ms
457 ms
456 ms
458 ms
425 ms
416 ms
422 ms
425 ms
425 ms
449 ms
441 ms
447 ms
410 ms
438 ms
416 ms
2 ms
2 ms
419 ms
410 ms
413 ms
2 ms
2 ms
411 ms
441 ms
428 ms
439 ms
455 ms
431 ms
429 ms
408 ms
412 ms
444 ms
447 ms
406 ms
409 ms
423 ms
422 ms
439 ms
457 ms
420 ms
405 ms
405 ms
415 ms
421 ms
412 ms
454 ms
424 ms
416 ms
412 ms
455 ms
441 ms
449 ms
409 ms
407 ms
424 ms
427 ms
412 ms
409 ms
398 ms
19 ms
410 ms
414 ms
419 ms
440 ms
376 ms
439 ms
427 ms
420 ms
19 ms
447 ms
431 ms
444 ms
422 ms
417 ms
418 ms
405 ms
410 ms
460 ms
412 ms
434 ms
446 ms
415 ms
422 ms
20 ms
408 ms
456 ms
429 ms
423 ms
2 ms
445 ms
409 ms
432 ms
447 ms
452 ms
458 ms
412 ms
409 ms
414 ms
422 ms
431 ms
416 ms
413 ms
430 ms
430 ms
414 ms
452 ms
19 ms
426 ms
428 ms
426 ms
436 ms
435 ms
443 ms
450 ms
16 ms
460 ms
435 ms
450 ms
336 ms
426 ms
449 ms
427 ms
438 ms
456 ms
435 ms
434 ms
450 ms
457 ms
423 ms
458 ms
448 ms
430 ms
417 ms
419 ms
422 ms
457 ms
432 ms
3 ms
410 ms
460 ms
17 ms
460 ms
462 ms
448 ms
450 ms
457 ms
458 ms
455 ms
