8062 ms
8163 ms
8195 ms
8107 ms
8274 ms
8314 ms
8333 ms
8153 ms
8372 ms
8242 ms
8430 ms
8207 ms
8363 ms
8330 ms
8392 ms
8310 ms
8278 ms
8410 ms
8447 ms
8421 ms
8457 ms
8452 ms
8447 ms
8401 ms
8431 ms
8416 ms
8395 ms
8390 ms
8424 ms
8152 ms
8447 ms
8364 ms
8486 ms
8595 ms
8465 ms
8513 ms
8530 ms
8436 ms
8466 ms
8485 ms
8487 ms
8536 ms
8480 ms
8533 ms
8438 ms
8594 ms
8427 ms
8463 ms
8470 ms
8616 ms
8535 ms
8554 ms
8608 ms
8600 ms
8587 ms
8540 ms
8605 ms
8641 ms
7509 ms
8457 ms
8618 ms
8625 ms
8517 ms
8639 ms
8622 ms
8618 ms
8590 ms
8612 ms
8593 ms
8593 ms
8626 ms
8656 ms
8706 ms
8505 ms
8663 ms
8603 ms
8659 ms
8611 ms
8692 ms
8299 ms
8719 ms
8735 ms
8700 ms
8563 ms
8673 ms
8635 ms
8763 ms
8803 ms
8632 ms
8766 ms
8760 ms
8803 ms
8796 ms
8721 ms
8542 ms
8639 ms
8768 ms
8770 ms
8641 ms
8715 ms
8687 ms
8737 ms
8749 ms
8784 ms
8769 ms
8757 ms
8844 ms
8849 ms
8852 ms
8853 ms
8855 ms
8832 ms
8725 ms
8850 ms
8809 ms
8775 ms
8880 ms
8863 ms
8942 ms
8854 ms
8936 ms
8883 ms
8803 ms
8793 ms
8688 ms
8938 ms
8830 ms
9012 ms
8907 ms
9052 ms
9117 ms
8954 ms
9014 ms
8956 ms
9077 ms
9114 ms
9131 ms
9007 ms
8877 ms
8944 ms
9127 ms
9064 ms
9098 ms
9027 ms
9084 ms
9102 ms
9078 ms
9094 ms
9099 ms
9047 ms
9130 ms
9066 ms
9150 ms
9159 ms
9082 ms
9128 ms
8355 ms
9150 ms
9227 ms
9023 ms
9179 ms
9190 ms
9206 ms
9193 ms
9270 ms
9181 ms
9215 ms
9251 ms
9214 ms
9268 ms
9115 ms
9158 ms
9254 ms
9297 ms
9286 ms
9284 ms
9269 ms
9032 ms
9210 ms
9279 ms
9287 ms
9218 ms
9259 ms
9201 ms
9256 ms
9341 ms
9287 ms
9340 ms
9374 ms
9268 ms
9330 ms
9305 ms
9298 ms
9333 ms
9249 ms
9410 ms
9381 ms
9300 ms
9332 ms
9312 ms
9381 ms
9435 ms
9295 ms
9314 ms
9393 ms
9404 ms
9347 ms
9325 ms
9392 ms
9416 ms
9366 ms
9306 ms
9416 ms
9438 ms
9408 ms
9366 ms
9462 ms
9420 ms
9423 ms
9270 ms
9364 ms
9421 ms
9439 ms
9499 ms
9373 ms
9510 ms
9435 ms
9535 ms
9433 ms
9373 ms
9514 ms
9488 ms
8775 ms
9435 ms
9465 ms
9427 ms
9461 ms
9501 ms
9364 ms
9508 ms
9514 ms
9495 ms
9522 ms
9515 ms
9528 ms
9545 ms
9528 ms
9522 ms
9576 ms
9548 ms
9559 ms
9467 ms
9504 ms
9563 ms
9542 ms
9551 ms
9605 ms
9595 ms
9593 ms
9605 ms
9628 ms
9651 ms
9537 ms
9608 ms
9513 ms
9580 ms
9477 ms
9378 ms
9538 ms
9658 ms
9550 ms
9599 ms
9715 ms
9538 ms
9703 ms
9621 ms
9711 ms
9725 ms
9654 ms
9429 ms
9673 ms
9728 ms
9700 ms
9597 ms
9720 ms
9640 ms
9719 ms
9616 ms
9713 ms
9737 ms
9637 ms
9721 ms
9737 ms
9691 ms
9672 ms
9766 ms
9674 ms
9682 ms
9704 ms
9779 ms
9812 ms
9523 ms
9792 ms
9675 ms
9705 ms
9825 ms
9744 ms
9780 ms
9783 ms
9535 ms
9855 ms
9726 ms
9477 ms
9762 ms
9863 ms
9750 ms
9778 ms
9862 ms
9687 ms
9876 ms
9718 ms
9843 ms
9861 ms
9876 ms
9901 ms
9798 ms
9799 ms
9963 ms
9799 ms
9864 ms
9715 ms
9893 ms
9939 ms
9734 ms
9997 ms
9888 ms
9881 ms
9903 ms
9946 ms
9943 ms
9947 ms
9791 ms
9951 ms
9970 ms
9891 ms
9734 ms
9962 ms
10015 ms
9956 ms
10023 ms
10513 ms
10603 ms
10627 ms
10573 ms
10597 ms
10526 ms
10530 ms
10686 ms
10406 ms
10659 ms
10536 ms
10583 ms
10531 ms
10539 ms
10631 ms
10497 ms
10489 ms
10679 ms
10578 ms
10627 ms
10619 ms
10625 ms
10444 ms
10642 ms
10690 ms
10683 ms
10699 ms
10672 ms
10592 ms
10704 ms
10679 ms
10640 ms
10730 ms
10734 ms
10473 ms
10716 ms
10686 ms
10577 ms
10740 ms
10732 ms
10705 ms
10675 ms
10654 ms
10467 ms
10721 ms
10796 ms
10805 ms
10764 ms
10792 ms
10574 ms
10678 ms
10708 ms
10809 ms
10611 ms
10761 ms
10817 ms
10857 ms
10838 ms
10899 ms
10835 ms
10804 ms
10820 ms
10896 ms
10837 ms
10887 ms
10706 ms
10810 ms
10928 ms
10797 ms
10824 ms
10920 ms
10889 ms
10758 ms
10825 ms
10787 ms
10911 ms
10941 ms
10815 ms
10645 ms
10902 ms
10916 ms
10910 ms
10931 ms
10903 ms
10919 ms
10700 ms
10903 ms
10996 ms
11028 ms
10865 ms
10971 ms
11029 ms
10929 ms
10946 ms
10988 ms
11014 ms
11046 ms
11011 ms
10926 ms
11037 ms
11035 ms
10905 ms
10944 ms
10984 ms
10990 ms
11010 ms
11037 ms
10899 ms
11068 ms
11064 ms
11081 ms
10965 ms
11116 ms
11099 ms
11100 ms
11048 ms
11077 ms
11124 ms
11051 ms
10840 ms
11061 ms
11128 ms
11115 ms
10579 ms
11062 ms
10858 ms
10943 ms
11177 ms
10935 ms
11265 ms
11039 ms
11120 ms
11142 ms
11198 ms
11150 ms
11188 ms
11180 ms
11136 ms
11160 ms
11000 ms
11254 ms
11233 ms
11220 ms
11167 ms
10949 ms
11303 ms
11141 ms
11236 ms
11238 ms
10967 ms
11021 ms
11266 ms
11285 ms
11386 ms
11208 ms
11183 ms
11337 ms
11234 ms
11039 ms
11250 ms
11293 ms
11340 ms
11284 ms
11306 ms
11358 ms
11343 ms
11296 ms
11182 ms
11357 ms
11090 ms
11300 ms
11327 ms
11354 ms
11369 ms
11424 ms
11326 ms
11355 ms
11432 ms
11390 ms
11243 ms
11403 ms
11260 ms
11398 ms
11376 ms
11216 ms
11076 ms
11236 ms
11396 ms
11190 ms
11433 ms
11517 ms
11448 ms
11471 ms
11482 ms
11562 ms
11255 ms
11289 ms
11462 ms
11266 ms
11630 ms
11466 ms
11504 ms
11525 ms
11494 ms
11551 ms
11571 ms
11531 ms
11380 ms
11516 ms
11431 ms
11623 ms
11622 ms
11579 ms
11597 ms
11594 ms
11579 ms
11613 ms
11516 ms
11600 ms
11579 ms
11288 ms
11637 ms
10468 ms
11553 ms
11711 ms
11664 ms
11539 ms
11676 ms
11503 ms
11417 ms
11659 ms
11739 ms
11653 ms
11601 ms
11445 ms
11634 ms
11635 ms
10857 ms
11661 ms
11629 ms
11664 ms
11722 ms
11705 ms
11588 ms
11643 ms
11608 ms
11762 ms
11673 ms
11842 ms
11591 ms
11771 ms
11558 ms
11618 ms
11726 ms
11706 ms
11697 ms
11726 ms
11907 ms
11804 ms
11720 ms
11740 ms
11581 ms
11801 ms
11579 ms
11728 ms
11848 ms
11837 ms
11832 ms
11864 ms
11705 ms
11839 ms
11595 ms
11860 ms
11709 ms
11760 ms
11623 ms
10227 ms
11812 ms
11715 ms
11783 ms
11955 ms
11799 ms
11985 ms
11812 ms
11800 ms
11777 ms
11726 ms
11770 ms
11826 ms
11964 ms
11984 ms
11885 ms
11696 ms
11965 ms
11927 ms
11741 ms
11987 ms
11863 ms
11878 ms
11935 ms
11904 ms
11701 ms
12068 ms
11847 ms
11899 ms
11905 ms
