1920 ms
2130 ms
2060 ms
2007 ms
2105 ms
2094 ms
2175 ms
2091 ms
2098 ms
2103 ms
2109 ms
2114 ms
2115 ms
2122 ms
2130 ms
2133 ms
2308 ms
2137 ms
2144 ms
2253 ms
2499 ms
2340 ms
2292 ms
2291 ms
2253 ms
2177 ms
2179 ms
2182 ms
2191 ms
2207 ms
2296 ms
2294 ms
2375 ms
2303 ms
2314 ms
2365 ms
2315 ms
2328 ms
2327 ms
2329 ms
2452 ms
2327 ms
2344 ms
2347 ms
2515 ms
2393 ms
2363 ms
2393 ms
2298 ms
2300 ms
2307 ms
2310 ms
2325 ms
2333 ms
2326 ms
2314 ms
2439 ms
2274 ms
2429 ms
2445 ms
2275 ms
2164 ms
2254 ms
2170 ms
2177 ms
2178 ms
2178 ms
2196 ms
2188 ms
2194 ms
2191 ms
2303 ms
2191 ms
2195 ms
2204 ms
119 ms
2298 ms
2315 ms
2304 ms
2420 ms
2314 ms
2613 ms
2495 ms
2609 ms
2252 ms
2459 ms
2536 ms
2584 ms
2551 ms
2237 ms
2638 ms
2434 ms
2258 ms
2525 ms
2535 ms
2531 ms
2536 ms
2548 ms
2545 ms
2554 ms
2557 ms
2670 ms
2289 ms
2685 ms
2567 ms
2425 ms
2434 ms
2438 ms
2442 ms
2446 ms
2451 ms
2740 ms
2445 ms
2733 ms
2473 ms
2629 ms
2666 ms
2737 ms
2794 ms
2487 ms
2502 ms
2506 ms
2508 ms
2513 ms
2509 ms
2518 ms
2518 ms
2528 ms
2528 ms
2532 ms
2753 ms
2762 ms
2766 ms
2770 ms
2778 ms
2744 ms
2897 ms
2648 ms
2670 ms
2669 ms
2671 ms
2537 ms
2967 ms
2608 ms
2941 ms
3302 ms
3005 ms
2760 ms
2945 ms
2629 ms
2692 ms
2697 ms
2703 ms
2698 ms
2711 ms
2697 ms
2713 ms
2710 ms
2727 ms
2742 ms
2727 ms
2731 ms
2847 ms
2888 ms
3026 ms
2888 ms
2901 ms
2903 ms
2903 ms
2909 ms
2934 ms
2918 ms
3039 ms
2931 ms
2926 ms
2740 ms
2884 ms
2989 ms
3082 ms
3130 ms
2944 ms
2930 ms
2750 ms
3139 ms
3232 ms
140 ms
3142 ms
2913 ms
2807 ms
3216 ms
3093 ms
2845 ms
2656 ms
3003 ms
3153 ms
2918 ms
3389 ms
2806 ms
2810 ms
2981 ms
2821 ms
2831 ms
2829 ms
2972 ms
3192 ms
2945 ms
3197 ms
2909 ms
2950 ms
3092 ms
3105 ms
3108 ms
3110 ms
3117 ms
3130 ms
3131 ms
3144 ms
3155 ms
3148 ms
3155 ms
2772 ms
3175 ms
3231 ms
3191 ms
3191 ms
3201 ms
3263 ms
3195 ms
3216 ms
3244 ms
155 ms
3265 ms
3251 ms
3239 ms
3252 ms
3321 ms
3260 ms
3271 ms
3111 ms
2871 ms
2861 ms
2871 ms
2878 ms
2888 ms
2880 ms
2897 ms
2897 ms
2902 ms
2913 ms
3475 ms
2903 ms
2918 ms
3336 ms
2902 ms
2938 ms
3669 ms
3335 ms
3124 ms
3346 ms
3326 ms
3402 ms
3409 ms
3415 ms
3416 ms
156 ms
3448 ms
3425 ms
3421 ms
3621 ms
3801 ms
3205 ms
3542 ms
3291 ms
3287 ms
3293 ms
3304 ms
3291 ms
3297 ms
3498 ms
3322 ms
3323 ms
85 ms
3341 ms
3329 ms
3336 ms
3339 ms
3696 ms
3255 ms
3679 ms
3494 ms
3522 ms
3286 ms
3493 ms
3263 ms
3096 ms
3107 ms
163 ms
3123 ms
3106 ms
3130 ms
3716 ms
3076 ms
3131 ms
3139 ms
3846 ms
3422 ms
3327 ms
3334 ms
3612 ms
3332 ms
3340 ms
3353 ms
3356 ms
3356 ms
3360 ms
3360 ms
3526 ms
3192 ms
3515 ms
3607 ms
3623 ms
3623 ms
3641 ms
3633 ms
3641 ms
3645 ms
3408 ms
3666 ms
3669 ms
3668 ms
3663 ms
3679 ms
3806 ms
3872 ms
3711 ms
3573 ms
3780 ms
3543 ms
4009 ms
3755 ms
3762 ms
3772 ms
3771 ms
3774 ms
3791 ms
3803 ms
3800 ms
3580 ms
3814 ms
4054 ms
3533 ms
3532 ms
3535 ms
3543 ms
3550 ms
3732 ms
3556 ms
3577 ms
3577 ms
3572 ms
3686 ms
3796 ms
3588 ms
3612 ms
3604 ms
3624 ms
3619 ms
3621 ms
3640 ms
3639 ms
3633 ms
3657 ms
4058 ms
3673 ms
3680 ms
3684 ms
3686 ms
3698 ms
3724 ms
3741 ms
4240 ms
4156 ms
3753 ms
3756 ms
3752 ms
3761 ms
3780 ms
4262 ms
4080 ms
4107 ms
4115 ms
4102 ms
4105 ms
4133 ms
4145 ms
3922 ms
4044 ms
4278 ms
4216 ms
4330 ms
4489 ms
3664 ms
3669 ms
3846 ms
3681 ms
3691 ms
3697 ms
3717 ms
3707 ms
3711 ms
3720 ms
3728 ms
3725 ms
3745 ms
3757 ms
3751 ms
3765 ms
3765 ms
3772 ms
3773 ms
3767 ms
3807 ms
3791 ms
3789 ms
3798 ms
3802 ms
3821 ms
4712 ms
4683 ms
3853 ms
4157 ms
4483 ms
4262 ms
3847 ms
3860 ms
3859 ms
3866 ms
4457 ms
4173 ms
4186 ms
4757 ms
97 ms
4205 ms
4338 ms
4189 ms
3906 ms
4502 ms
4852 ms
4855 ms
4881 ms
4882 ms
4890 ms
4898 ms
4922 ms
4891 ms
4932 ms
4922 ms
4949 ms
4940 ms
4944 ms
4858 ms
4955 ms
4726 ms
4671 ms
4677 ms
4663 ms
4844 ms
4670 ms
4676 ms
4693 ms
4697 ms
4733 ms
4720 ms
4720 ms
4454 ms
4133 ms
4147 ms
4148 ms
4157 ms
4157 ms
4176 ms
4158 ms
4150 ms
4168 ms
4188 ms
4184 ms
4196 ms
4196 ms
4821 ms
4813 ms
4825 ms
5012 ms
4842 ms
4449 ms
4934 ms
4192 ms
4207 ms
4217 ms
4304 ms
4933 ms
4732 ms
5013 ms
4595 ms
4594 ms
4605 ms
4603 ms
4618 ms
4885 ms
4961 ms
4971 ms
4989 ms
4983 ms
4989 ms
215 ms
5006 ms
4998 ms
5018 ms
5035 ms
5045 ms
5049 ms
5066 ms
4588 ms
4534 ms
4558 ms
4536 ms
4539 ms
4551 ms
4568 ms
4571 ms
4577 ms
4575 ms
4594 ms
5567 ms
4595 ms
4616 ms
4642 ms
4614 ms
4630 ms
4619 ms
4638 ms
4653 ms
5753 ms
5721 ms
5730 ms
5736 ms
5765 ms
5777 ms
5777 ms
5799 ms
5793 ms
5805 ms
5363 ms
4983 ms
224 ms
219 ms
233 ms
235 ms
232 ms
241 ms
235 ms
5059 ms
5476 ms
5102 ms
5117 ms
4870 ms
4776 ms
4758 ms
4764 ms
4763 ms
4767 ms
4682 ms
4829 ms
5073 ms
5153 ms
4501 ms
4483 ms
4532 ms
4552 ms
4539 ms
4529 ms
4719 ms
4541 ms
4554 ms
4550 ms
4579 ms
4600 ms
4582 ms
4573 ms
5129 ms
4907 ms
4930 ms
5457 ms
5355 ms
5358 ms
5367 ms
5569 ms
5317 ms
5379 ms
5132 ms
5178 ms
4568 ms
5083 ms
5235 ms
5197 ms
5383 ms
5238 ms
5132 ms
5408 ms
4988 ms
5014 ms
5001 ms
5003 ms
5015 ms
5008 ms
5070 ms
6001 ms
4732 ms
5348 ms
5329 ms
5395 ms
5334 ms
5386 ms
5413 ms
5394 ms
5379 ms
5382 ms
5679 ms
5702 ms
5688 ms
5646 ms
5396 ms
5695 ms
5680 ms
5689 ms
5710 ms
5709 ms
5763 ms
5764 ms
237 ms
5702 ms
5854 ms
5708 ms
5738 ms
5646 ms
5712 ms
4841 ms
5665 ms
5735 ms
5727 ms
5700 ms
5710 ms
5364 ms
4984 ms
5508 ms
4999 ms
5591 ms
