28122 ms
29755 ms
31287 ms
29623 ms
31825 ms
32966 ms
28584 ms
30628 ms
29243 ms
31605 ms
30960 ms
25317 ms
26832 ms
30530 ms
29676 ms
23779 ms
31437 ms
27030 ms
25849 ms
23992 ms
32372 ms
26613 ms
28350 ms
27670 ms
30273 ms
24679 ms
32979 ms
26918 ms
23684 ms
29935 ms
33730 ms
33589 ms
33419 ms
27207 ms
29651 ms
32266 ms
25560 ms
32163 ms
32507 ms
32637 ms
32829 ms
30283 ms
34842 ms
31960 ms
30896 ms
28546 ms
27337 ms
32508 ms
33825 ms
24230 ms
32592 ms
30900 ms
31017 ms
33715 ms
23937 ms
33337 ms
31584 ms
23821 ms
28019 ms
23811 ms
33127 ms
31415 ms
13275 ms
26148 ms
32590 ms
28675 ms
23196 ms
31453 ms
31860 ms
29798 ms
26750 ms
32522 ms
34562 ms
27515 ms
34247 ms
26302 ms
35776 ms
34491 ms
33934 ms
34568 ms
33526 ms
32242 ms
27730 ms
30180 ms
24404 ms
26391 ms
28781 ms
31581 ms
33032 ms
32087 ms
33864 ms
33250 ms
25586 ms
23825 ms
32738 ms
32498 ms
34075 ms
34048 ms
31320 ms
24516 ms
35250 ms
29254 ms
31724 ms
32225 ms
34332 ms
30554 ms
29115 ms
32325 ms
34425 ms
29216 ms
35372 ms
32826 ms
28545 ms
36814 ms
34052 ms
25041 ms
29089 ms
30577 ms
35217 ms
26951 ms
36251 ms
26490 ms
35755 ms
