5744 ms
5889 ms
1320 ms
1688 ms
6027 ms
6137 ms
6117 ms
5995 ms
6018 ms
6188 ms
6226 ms
5980 ms
6025 ms
6086 ms
4312 ms
6055 ms
5996 ms
6080 ms
6400 ms
6002 ms
4323 ms
6103 ms
6304 ms
6224 ms
6048 ms
6017 ms
6234 ms
6067 ms
6109 ms
5955 ms
1006 ms
6019 ms
6015 ms
6334 ms
6097 ms
2211 ms
6057 ms
6062 ms
1386 ms
6514 ms
6090 ms
6143 ms
6044 ms
6306 ms
6073 ms
6267 ms
6201 ms
6055 ms
5989 ms
6103 ms
4209 ms
6033 ms
6052 ms
6152 ms
6079 ms
6507 ms
6207 ms
6009 ms
5799 ms
6060 ms
6105 ms
6064 ms
1944 ms
6132 ms
6021 ms
6154 ms
6051 ms
6097 ms
6073 ms
6086 ms
6069 ms
6060 ms
6381 ms
6030 ms
6194 ms
6132 ms
6474 ms
6560 ms
6051 ms
5975 ms
6087 ms
6066 ms
6062 ms
6047 ms
6084 ms
6017 ms
6108 ms
6241 ms
6121 ms
6023 ms
6164 ms
6128 ms
6157 ms
6180 ms
6051 ms
6532 ms
2710 ms
1749 ms
6579 ms
6190 ms
6341 ms
6123 ms
6066 ms
6083 ms
6115 ms
6053 ms
6484 ms
6258 ms
6078 ms
6203 ms
6073 ms
1187 ms
6092 ms
6313 ms
6163 ms
6274 ms
6222 ms
6486 ms
6379 ms
6297 ms
6265 ms
6262 ms
6213 ms
6198 ms
6194 ms
6181 ms
6202 ms
6266 ms
6628 ms
6224 ms
6262 ms
6163 ms
6209 ms
6639 ms
6269 ms
6203 ms
6272 ms
6192 ms
4532 ms
6479 ms
4579 ms
6268 ms
6192 ms
1498 ms
2936 ms
6662 ms
6216 ms
6265 ms
1025 ms
6243 ms
6199 ms
6388 ms
6544 ms
6461 ms
6263 ms
6219 ms
1011 ms
6207 ms
1491 ms
6308 ms
6204 ms
6223 ms
6300 ms
6259 ms
6443 ms
6215 ms
6241 ms
6167 ms
6232 ms
6299 ms
6199 ms
6765 ms
1721 ms
6226 ms
6203 ms
2142 ms
6339 ms
6167 ms
6221 ms
4431 ms
6209 ms
6685 ms
6287 ms
6250 ms
6313 ms
6545 ms
1001 ms
6235 ms
4469 ms
6276 ms
6225 ms
2814 ms
6209 ms
6344 ms
2613 ms
6378 ms
6264 ms
6246 ms
6243 ms
6288 ms
6290 ms
6283 ms
6301 ms
6605 ms
6394 ms
1559 ms
6312 ms
6291 ms
4474 ms
6303 ms
6246 ms
6767 ms
2287 ms
6421 ms
6275 ms
1116 ms
6323 ms
2588 ms
6302 ms
6326 ms
6256 ms
6218 ms
6271 ms
6312 ms
1751 ms
2149 ms
6249 ms
2720 ms
6336 ms
6317 ms
6573 ms
6319 ms
1775 ms
6169 ms
6433 ms
6409 ms
6286 ms
6252 ms
6250 ms
1384 ms
3517 ms
6334 ms
6291 ms
4577 ms
2102 ms
6485 ms
6355 ms
6374 ms
6350 ms
1548 ms
6381 ms
6319 ms
6374 ms
1655 ms
6849 ms
6294 ms
6429 ms
6491 ms
6371 ms
3425 ms
6381 ms
6496 ms
6365 ms
6526 ms
1306 ms
6352 ms
6284 ms
1106 ms
6309 ms
6361 ms
6262 ms
6244 ms
6363 ms
4648 ms
4530 ms
6321 ms
6545 ms
6408 ms
6291 ms
6309 ms
6324 ms
6406 ms
6331 ms
6713 ms
2177 ms
6237 ms
6397 ms
6588 ms
2195 ms
6391 ms
6370 ms
6341 ms
6326 ms
6414 ms
6379 ms
6400 ms
6439 ms
6416 ms
6647 ms
6320 ms
6316 ms
6472 ms
1341 ms
6331 ms
6283 ms
6467 ms
6264 ms
6310 ms
2757 ms
6460 ms
6336 ms
6745 ms
6242 ms
6361 ms
1508 ms
6362 ms
6420 ms
6346 ms
6347 ms
6637 ms
6893 ms
6380 ms
6336 ms
6390 ms
6343 ms
1420 ms
6383 ms
6424 ms
6523 ms
6377 ms
6443 ms
6430 ms
6403 ms
6462 ms
6358 ms
6369 ms
6450 ms
1119 ms
6456 ms
6408 ms
1154 ms
6388 ms
6377 ms
6335 ms
1410 ms
6338 ms
6352 ms
6611 ms
6440 ms
6439 ms
1481 ms
6510 ms
6424 ms
6356 ms
6471 ms
6428 ms
6375 ms
6714 ms
6364 ms
6424 ms
6413 ms
1584 ms
6422 ms
6475 ms
6411 ms
6484 ms
6403 ms
6684 ms
6420 ms
6457 ms
6417 ms
6353 ms
6343 ms
6513 ms
6495 ms
6416 ms
6707 ms
6387 ms
6411 ms
6411 ms
6423 ms
6425 ms
6421 ms
6360 ms
6549 ms
6451 ms
6431 ms
6417 ms
6458 ms
1518 ms
6504 ms
6380 ms
6759 ms
6354 ms
6352 ms
2760 ms
6694 ms
6354 ms
6814 ms
6405 ms
1778 ms
6567 ms
2500 ms
6492 ms
6406 ms
6439 ms
6548 ms
6369 ms
6410 ms
2211 ms
6439 ms
6477 ms
6507 ms
2154 ms
6437 ms
1582 ms
6589 ms
6644 ms
6528 ms
6368 ms
6459 ms
6397 ms
6767 ms
6570 ms
6410 ms
6464 ms
6738 ms
6414 ms
6806 ms
6636 ms
1889 ms
6419 ms
6488 ms
6418 ms
6587 ms
1532 ms
6475 ms
6496 ms
6760 ms
6471 ms
6499 ms
6519 ms
6776 ms
6780 ms
6991 ms
6891 ms
6553 ms
4567 ms
6511 ms
6925 ms
6568 ms
6498 ms
6548 ms
6579 ms
6506 ms
6547 ms
6472 ms
6598 ms
6568 ms
6506 ms
1659 ms
1115 ms
6609 ms
4750 ms
6603 ms
6506 ms
6466 ms
6715 ms
6566 ms
6514 ms
6937 ms
6559 ms
6549 ms
4643 ms
6618 ms
6484 ms
6554 ms
6668 ms
1125 ms
4620 ms
6511 ms
6575 ms
6525 ms
1826 ms
2225 ms
6532 ms
6519 ms
1186 ms
6599 ms
6509 ms
6586 ms
6544 ms
6594 ms
6605 ms
1157 ms
6627 ms
7014 ms
6963 ms
6554 ms
6542 ms
2240 ms
6765 ms
6591 ms
6786 ms
7026 ms
6751 ms
6884 ms
4803 ms
6568 ms
1605 ms
6636 ms
6565 ms
6566 ms
6571 ms
6622 ms
6624 ms
6702 ms
6549 ms
6559 ms
6495 ms
6583 ms
6596 ms
6600 ms
6634 ms
6587 ms
6733 ms
6842 ms
6576 ms
1835 ms
1743 ms
6849 ms
6556 ms
6600 ms
3334 ms
6614 ms
6574 ms
6639 ms
7047 ms
6963 ms
6894 ms
6683 ms
2254 ms
6990 ms
6592 ms
1188 ms
1424 ms
7023 ms
6665 ms
1182 ms
6748 ms
6571 ms
6605 ms
6646 ms
6607 ms
6749 ms
6569 ms
6636 ms
6601 ms
2853 ms
6881 ms
1110 ms
6655 ms
4659 ms
1115 ms
6896 ms
6681 ms
6653 ms
6563 ms
6650 ms
6642 ms
6818 ms
6633 ms
1224 ms
6708 ms
6628 ms
7066 ms
6726 ms
6701 ms
6994 ms
6720 ms
6665 ms
7060 ms
6656 ms
6655 ms
7118 ms
6794 ms
6639 ms
6529 ms
6633 ms
6671 ms
6666 ms
6792 ms
6737 ms
6734 ms
6635 ms
2483 ms
6780 ms
6637 ms
6857 ms
6672 ms
7050 ms
6736 ms
4752 ms
7034 ms
6697 ms
6920 ms
6715 ms
6923 ms
6705 ms
6697 ms
6712 ms
6707 ms
7063 ms
6707 ms
6768 ms
6742 ms
6830 ms
3710 ms
6672 ms
6789 ms
7012 ms
6757 ms
6749 ms
7038 ms
1317 ms
1536 ms
6377 ms
6663 ms
1220 ms
6799 ms
6775 ms
6822 ms
7049 ms
6731 ms
6728 ms
6703 ms
1131 ms
6786 ms
7127 ms
6859 ms
6941 ms
6762 ms
6670 ms
6982 ms
6799 ms
6850 ms
6954 ms
6691 ms
3827 ms
7243 ms
6977 ms
4801 ms
6913 ms
7094 ms
6895 ms
6804 ms
