4368 ms
4445 ms
4300 ms
3506 ms
4240 ms
4006 ms
4404 ms
3513 ms
2843 ms
3216 ms
4472 ms
4255 ms
3579 ms
4601 ms
3654 ms
3599 ms
4408 ms
3623 ms
2984 ms
3629 ms
3571 ms
2712 ms
4684 ms
2213 ms
3642 ms
4652 ms
3072 ms
4318 ms
4803 ms
1982 ms
3732 ms
3602 ms
2574 ms
3834 ms
3829 ms
4588 ms
4639 ms
4044 ms
4372 ms
4222 ms
3378 ms
3170 ms
4145 ms
4240 ms
3026 ms
3029 ms
3916 ms
3971 ms
2489 ms
3934 ms
4373 ms
3850 ms
1237 ms
2722 ms
4762 ms
3185 ms
3937 ms
5001 ms
2942 ms
4403 ms
4782 ms
3760 ms
2889 ms
3014 ms
4096 ms
3108 ms
3996 ms
2714 ms
4978 ms
3400 ms
2681 ms
3144 ms
4735 ms
4066 ms
4401 ms
4108 ms
4651 ms
5091 ms
5233 ms
3436 ms
5162 ms
3221 ms
4966 ms
4623 ms
5089 ms
5103 ms
2318 ms
4798 ms
2737 ms
4307 ms
5146 ms
4194 ms
2163 ms
2221 ms
5356 ms
2943 ms
5092 ms
4020 ms
4274 ms
4243 ms
2980 ms
5381 ms
3487 ms
4197 ms
5113 ms
5392 ms
4267 ms
4215 ms
4585 ms
5259 ms
4900 ms
5394 ms
5161 ms
4263 ms
4770 ms
4206 ms
5451 ms
5193 ms
5166 ms
4397 ms
5280 ms
4241 ms
3471 ms
5421 ms
4649 ms
4114 ms
4974 ms
5172 ms
4187 ms
5250 ms
4489 ms
5204 ms
4660 ms
4549 ms
5341 ms
5220 ms
4938 ms
2977 ms
5089 ms
5325 ms
5385 ms
3655 ms
3580 ms
5393 ms
5151 ms
4822 ms
5172 ms
5254 ms
5211 ms
5303 ms
4856 ms
5217 ms
2548 ms
5482 ms
5499 ms
3461 ms
5278 ms
4294 ms
4279 ms
4301 ms
5290 ms
5332 ms
5124 ms
4313 ms
4929 ms
4132 ms
4614 ms
5071 ms
5503 ms
5449 ms
4229 ms
5318 ms
5426 ms
5444 ms
4267 ms
5448 ms
4761 ms
4346 ms
4393 ms
4412 ms
4629 ms
5179 ms
3453 ms
4486 ms
5526 ms
5383 ms
4449 ms
4449 ms
5545 ms
5540 ms
5454 ms
4331 ms
4491 ms
5334 ms
4688 ms
5198 ms
5663 ms
5010 ms
4531 ms
4469 ms
5509 ms
5548 ms
2873 ms
4880 ms
5397 ms
4398 ms
4989 ms
5727 ms
5556 ms
5714 ms
4442 ms
5670 ms
5565 ms
5439 ms
3785 ms
5377 ms
4621 ms
5492 ms
5606 ms
5628 ms
3693 ms
5683 ms
4996 ms
5454 ms
5094 ms
3741 ms
4530 ms
3399 ms
4551 ms
5384 ms
5693 ms
5034 ms
5666 ms
5559 ms
3045 ms
5121 ms
5444 ms
5624 ms
5569 ms
4911 ms
5111 ms
5679 ms
3944 ms
4645 ms
5493 ms
5027 ms
4580 ms
4900 ms
5665 ms
5782 ms
5792 ms
5839 ms
4417 ms
5752 ms
5759 ms
3823 ms
5008 ms
5538 ms
5801 ms
3754 ms
3886 ms
5758 ms
5881 ms
4662 ms
5651 ms
5729 ms
5467 ms
3319 ms
4442 ms
5903 ms
5333 ms
5927 ms
5807 ms
5765 ms
5241 ms
5932 ms
4982 ms
5672 ms
4797 ms
5732 ms
3541 ms
5979 ms
2493 ms
5896 ms
5741 ms
5705 ms
5798 ms
5159 ms
5765 ms
5012 ms
4779 ms
5762 ms
5740 ms
5585 ms
4835 ms
4777 ms
5723 ms
5195 ms
4909 ms
5168 ms
4045 ms
5051 ms
5804 ms
5665 ms
5697 ms
5817 ms
5969 ms
5099 ms
5165 ms
5857 ms
6037 ms
5645 ms
5119 ms
5717 ms
5753 ms
5895 ms
4791 ms
6005 ms
4756 ms
5232 ms
5978 ms
5351 ms
5880 ms
6015 ms
5581 ms
6109 ms
4870 ms
6000 ms
5202 ms
5831 ms
4710 ms
5999 ms
5441 ms
5874 ms
6080 ms
5980 ms
4653 ms
6145 ms
6123 ms
5984 ms
5439 ms
5194 ms
5916 ms
6139 ms
6066 ms
6005 ms
5706 ms
6098 ms
4853 ms
4956 ms
5008 ms
4798 ms
6082 ms
6197 ms
6000 ms
6011 ms
6122 ms
5871 ms
6075 ms
6185 ms
5964 ms
6164 ms
5463 ms
6002 ms
6035 ms
6131 ms
6072 ms
6053 ms
6223 ms
4998 ms
3741 ms
6043 ms
5556 ms
6047 ms
5478 ms
5879 ms
6295 ms
6146 ms
3490 ms
6097 ms
6273 ms
5743 ms
6029 ms
5993 ms
6062 ms
6106 ms
6067 ms
5908 ms
5368 ms
5865 ms
5111 ms
5856 ms
4613 ms
5362 ms
6079 ms
6224 ms
6287 ms
6252 ms
5513 ms
4003 ms
6338 ms
6357 ms
6136 ms
6306 ms
5829 ms
6304 ms
6421 ms
6292 ms
6286 ms
6230 ms
6403 ms
6225 ms
6148 ms
6189 ms
5875 ms
5887 ms
6285 ms
6458 ms
6359 ms
5682 ms
6183 ms
6008 ms
6430 ms
6169 ms
6322 ms
5142 ms
6264 ms
5139 ms
5778 ms
6466 ms
6266 ms
6293 ms
5457 ms
6306 ms
6291 ms
6226 ms
6326 ms
6345 ms
6437 ms
6280 ms
6241 ms
6441 ms
6293 ms
6391 ms
6288 ms
6091 ms
6311 ms
6356 ms
6487 ms
6340 ms
6219 ms
6490 ms
6269 ms
6204 ms
6308 ms
6388 ms
6368 ms
5329 ms
5740 ms
6311 ms
6518 ms
6350 ms
6159 ms
6427 ms
6444 ms
6579 ms
6419 ms
6163 ms
5141 ms
6321 ms
6566 ms
6287 ms
6340 ms
6003 ms
5805 ms
6227 ms
6292 ms
6600 ms
6611 ms
6272 ms
6498 ms
6478 ms
6655 ms
6457 ms
6443 ms
6620 ms
6665 ms
6345 ms
6486 ms
6621 ms
5950 ms
6270 ms
5457 ms
6455 ms
6381 ms
6398 ms
6334 ms
6269 ms
6669 ms
6056 ms
6437 ms
6433 ms
6413 ms
6585 ms
6649 ms
5649 ms
6386 ms
6523 ms
6399 ms
5920 ms
6524 ms
6635 ms
6531 ms
6484 ms
6577 ms
6702 ms
5343 ms
6116 ms
6681 ms
6634 ms
6742 ms
6419 ms
6085 ms
6635 ms
6495 ms
6393 ms
6302 ms
6502 ms
6711 ms
6296 ms
5508 ms
6428 ms
6515 ms
6475 ms
6671 ms
6508 ms
6511 ms
6506 ms
6538 ms
6706 ms
6857 ms
6754 ms
6583 ms
6570 ms
5925 ms
6472 ms
6528 ms
6701 ms
5333 ms
6384 ms
6783 ms
6737 ms
6502 ms
6908 ms
6545 ms
6713 ms
6748 ms
6683 ms
6466 ms
6850 ms
6860 ms
6885 ms
6468 ms
6324 ms
6755 ms
6815 ms
6949 ms
6316 ms
6539 ms
6791 ms
6608 ms
6614 ms
6777 ms
5549 ms
6411 ms
6891 ms
6762 ms
6575 ms
6771 ms
6911 ms
6778 ms
6788 ms
6642 ms
6886 ms
6754 ms
6851 ms
6777 ms
6860 ms
6531 ms
6324 ms
6876 ms
6848 ms
6653 ms
6194 ms
6692 ms
6041 ms
6764 ms
6907 ms
6786 ms
6844 ms
6914 ms
6988 ms
6817 ms
6463 ms
6889 ms
6817 ms
6880 ms
6990 ms
6952 ms
6866 ms
6612 ms
6859 ms
6584 ms
6916 ms
6974 ms
6965 ms
6296 ms
6552 ms
6879 ms
7033 ms
6783 ms
6550 ms
6694 ms
6926 ms
6902 ms
6706 ms
6642 ms
6823 ms
6497 ms
6647 ms
7045 ms
7008 ms
6938 ms
7013 ms
5769 ms
6897 ms
6574 ms
6493 ms
6540 ms
6754 ms
6476 ms
6500 ms
6791 ms
6875 ms
6616 ms
7041 ms
7253 ms
7127 ms
6946 ms
7071 ms
7022 ms
6298 ms
6559 ms
7120 ms
6865 ms
7093 ms
