4888 ms
4898 ms
3146 ms
5543 ms
4983 ms
5145 ms
5106 ms
5133 ms
4498 ms
5684 ms
5305 ms
5786 ms
5107 ms
5807 ms
5701 ms
5672 ms
5040 ms
5836 ms
5356 ms
5901 ms
5787 ms
4685 ms
5316 ms
5102 ms
5047 ms
5727 ms
4858 ms
5499 ms
5384 ms
5718 ms
5092 ms
5224 ms
5343 ms
5590 ms
5426 ms
5485 ms
5148 ms
5667 ms
5417 ms
6008 ms
5286 ms
5908 ms
5562 ms
5963 ms
5277 ms
5414 ms
5560 ms
5709 ms
5916 ms
5423 ms
5519 ms
3412 ms
5344 ms
4988 ms
3425 ms
5624 ms
5371 ms
6205 ms
4994 ms
4801 ms
6207 ms
5669 ms
5976 ms
6209 ms
6011 ms
5731 ms
3465 ms
5288 ms
5793 ms
5922 ms
5503 ms
5856 ms
6167 ms
6213 ms
5207 ms
6306 ms
6088 ms
5012 ms
5727 ms
5342 ms
6267 ms
5519 ms
5205 ms
5595 ms
6005 ms
6147 ms
6024 ms
6382 ms
5500 ms
5809 ms
5658 ms
5999 ms
6303 ms
3571 ms
5550 ms
6321 ms
5494 ms
6396 ms
5818 ms
5910 ms
6567 ms
6278 ms
5726 ms
5753 ms
6449 ms
6392 ms
6086 ms
6399 ms
6511 ms
5687 ms
5836 ms
6491 ms
6587 ms
5845 ms
6458 ms
6411 ms
6568 ms
6077 ms
6690 ms
6083 ms
6650 ms
6628 ms
6574 ms
6709 ms
3722 ms
6012 ms
5254 ms
6325 ms
6254 ms
6073 ms
6701 ms
5973 ms
6663 ms
6013 ms
5762 ms
5414 ms
5598 ms
6107 ms
6168 ms
5322 ms
6467 ms
6152 ms
6730 ms
6703 ms
5970 ms
6675 ms
6381 ms
6862 ms
6732 ms
6219 ms
5417 ms
6753 ms
6196 ms
6353 ms
6879 ms
3864 ms
5952 ms
5486 ms
6044 ms
6496 ms
6382 ms
6462 ms
6964 ms
6092 ms
6735 ms
6147 ms
6608 ms
5819 ms
6402 ms
6211 ms
6433 ms
5987 ms
6502 ms
3973 ms
5649 ms
7122 ms
6697 ms
6088 ms
6106 ms
6401 ms
6447 ms
6408 ms
6468 ms
7154 ms
6324 ms
6502 ms
6612 ms
5943 ms
6498 ms
6516 ms
6951 ms
6460 ms
7210 ms
6886 ms
7443 ms
7358 ms
6639 ms
6450 ms
6535 ms
7377 ms
4113 ms
6838 ms
6697 ms
5921 ms
7371 ms
7414 ms
6611 ms
5707 ms
4143 ms
7389 ms
7540 ms
7351 ms
6786 ms
7317 ms
7063 ms
6853 ms
6022 ms
6887 ms
7511 ms
6924 ms
7088 ms
4214 ms
7029 ms
6878 ms
6950 ms
7005 ms
5309 ms
4161 ms
7659 ms
6956 ms
6869 ms
7555 ms
6107 ms
6821 ms
6229 ms
7436 ms
7547 ms
5957 ms
6278 ms
7421 ms
7349 ms
7248 ms
7381 ms
7253 ms
7808 ms
7699 ms
7724 ms
7857 ms
7158 ms
7351 ms
7316 ms
6902 ms
6528 ms
7622 ms
7929 ms
7805 ms
3386 ms
6678 ms
7955 ms
7138 ms
7169 ms
8033 ms
7630 ms
8012 ms
7028 ms
7055 ms
6899 ms
7408 ms
7131 ms
7143 ms
7928 ms
6916 ms
7939 ms
7450 ms
8117 ms
7161 ms
7279 ms
6594 ms
7795 ms
7919 ms
8026 ms
8137 ms
7358 ms
7367 ms
7334 ms
8070 ms
4510 ms
7950 ms
7790 ms
7229 ms
8326 ms
7601 ms
7485 ms
7754 ms
7491 ms
8318 ms
8199 ms
7465 ms
6992 ms
6667 ms
7154 ms
7522 ms
7513 ms
8286 ms
7614 ms
8435 ms
7467 ms
8315 ms
8295 ms
4632 ms
8326 ms
8144 ms
8435 ms
7405 ms
6954 ms
8405 ms
7860 ms
8041 ms
6945 ms
7725 ms
8425 ms
8029 ms
7594 ms
7761 ms
8447 ms
8650 ms
8243 ms
7845 ms
7855 ms
8453 ms
7785 ms
8351 ms
7845 ms
8725 ms
8707 ms
7867 ms
7920 ms
8805 ms
8642 ms
7951 ms
6944 ms
7777 ms
8478 ms
8143 ms
7890 ms
7930 ms
6931 ms
7612 ms
4875 ms
6721 ms
8134 ms
8170 ms
8169 ms
8464 ms
8194 ms
7285 ms
8773 ms
8807 ms
8976 ms
8897 ms
9080 ms
8978 ms
8445 ms
8715 ms
8341 ms
8167 ms
7689 ms
8898 ms
9103 ms
4874 ms
7833 ms
9157 ms
8551 ms
8989 ms
8482 ms
9020 ms
8678 ms
7090 ms
8100 ms
8196 ms
8130 ms
7909 ms
7900 ms
7970 ms
9258 ms
9083 ms
8434 ms
9322 ms
7813 ms
7358 ms
8220 ms
8066 ms
7903 ms
8791 ms
7301 ms
9445 ms
8608 ms
9403 ms
9411 ms
8660 ms
8487 ms
7340 ms
8687 ms
8153 ms
9373 ms
8547 ms
8946 ms
8954 ms
8822 ms
8922 ms
8600 ms
8684 ms
7975 ms
9598 ms
8711 ms
9077 ms
8833 ms
8684 ms
9568 ms
8899 ms
8798 ms
9030 ms
8895 ms
8915 ms
9501 ms
8081 ms
8837 ms
9797 ms
7393 ms
8997 ms
8367 ms
9015 ms
9737 ms
5450 ms
9967 ms
9220 ms
8955 ms
9088 ms
9113 ms
9234 ms
9838 ms
8826 ms
9532 ms
9305 ms
10054 ms
8187 ms
9031 ms
9118 ms
8540 ms
8907 ms
9233 ms
9916 ms
10122 ms
8037 ms
10093 ms
5615 ms
9931 ms
9630 ms
8373 ms
8349 ms
9997 ms
9110 ms
10417 ms
10321 ms
9473 ms
5662 ms
8040 ms
9761 ms
10200 ms
10487 ms
10161 ms
5691 ms
10307 ms
9665 ms
9418 ms
8714 ms
9517 ms
9177 ms
9416 ms
5741 ms
10637 ms
9226 ms
9779 ms
9620 ms
9833 ms
10623 ms
10545 ms
9479 ms
9883 ms
8538 ms
10013 ms
9225 ms
9055 ms
9513 ms
10119 ms
9570 ms
5897 ms
10865 ms
8491 ms
9048 ms
9879 ms
9874 ms
10044 ms
10044 ms
9911 ms
113 ms
9475 ms
9574 ms
8794 ms
9746 ms
10732 ms
10389 ms
10087 ms
9162 ms
9976 ms
9224 ms
10146 ms
10642 ms
9384 ms
10059 ms
9950 ms
11038 ms
9750 ms
9490 ms
9642 ms
11079 ms
11166 ms
11183 ms
10291 ms
9728 ms
10849 ms
10929 ms
10174 ms
10123 ms
6186 ms
11152 ms
10372 ms
10174 ms
10869 ms
11176 ms
8865 ms
10336 ms
9287 ms
11191 ms
10492 ms
10826 ms
11055 ms
10438 ms
9829 ms
10405 ms
11386 ms
11586 ms
6283 ms
9487 ms
10491 ms
11221 ms
10759 ms
9813 ms
10913 ms
10280 ms
9984 ms
10434 ms
10425 ms
11023 ms
10353 ms
10244 ms
11403 ms
11406 ms
11603 ms
10173 ms
10550 ms
11883 ms
11860 ms
10696 ms
10684 ms
11586 ms
11525 ms
9472 ms
11749 ms
11670 ms
9729 ms
11136 ms
11776 ms
11820 ms
11984 ms
10133 ms
10069 ms
12137 ms
10815 ms
129 ms
11897 ms
10756 ms
11181 ms
11050 ms
10772 ms
9590 ms
10993 ms
11761 ms
11106 ms
11565 ms
11114 ms
11601 ms
11335 ms
11104 ms
11141 ms
11216 ms
11087 ms
9803 ms
11446 ms
6761 ms
12236 ms
11651 ms
10656 ms
12519 ms
10925 ms
12349 ms
12046 ms
11370 ms
10039 ms
11526 ms
6812 ms
11565 ms
9724 ms
11125 ms
12399 ms
11848 ms
9813 ms
10693 ms
12488 ms
11530 ms
12233 ms
11015 ms
11232 ms
11499 ms
10083 ms
5249 ms
11333 ms
11475 ms
11319 ms
6913 ms
12094 ms
10933 ms
10198 ms
10681 ms
12784 ms
12539 ms
12945 ms
11253 ms
11360 ms
7040 ms
11486 ms
12596 ms
11916 ms
11836 ms
11509 ms
12138 ms
