results/output/sf01/graindb/query1.log 32
results/output/sf01/graindb/query11.log 5
results/output/sf01/graindb/query12.log 44
results/output/sf01/graindb/query2.log 84
results/output/sf01/graindb/query3.log 26
results/output/sf01/graindb/query4.log 53
results/output/sf01/graindb/query5.log 60
results/output/sf01/graindb/query6.log 139
results/output/sf01/graindb/query7.log 548
results/output/sf01/graindb/query8.log 31
results/output/sf01/graindb/query9.log 366
results/output/sf01_rai/graindb/query1.log 39
results/output/sf01_rai/graindb/query11.log 7
results/output/sf01_rai/graindb/query12.log 40
results/output/sf01_rai/graindb/query2.log 93
results/output/sf01_rai/graindb/query3.log 26
results/output/sf01_rai/graindb/query4.log 47
results/output/sf01_rai/graindb/query5.log 70
results/output/sf01_rai/graindb/query6.log 164
results/output/sf01_rai/graindb/query7.log 564
results/output/sf01_rai/graindb/query8.log 31
results/output/sf01_rai/graindb/query9.log 378
results/output/sf1/graindb/query1.log 338
results/output/sf1/graindb/query11.log 32
results/output/sf1/graindb/query12.log 708
results/output/sf1/graindb/query2.log 809
results/output/sf1/graindb/query3.log 220
results/output/sf1/graindb/query4.log 527
results/output/sf1/graindb/query5.log 492
results/output/sf1/graindb/query6.log 880
results/output/sf1/graindb/query7.log 12827
results/output/sf1/graindb/query8.log 265
results/output/sf1/graindb/query9.log 4159
results/output/sf10/graindb/query1.log 5816
results/output/sf10/graindb/query11.log 380
results/output/sf10/graindb/query12.log 7142
results/output/sf10/graindb/query1_test.log 5746
results/output/sf10/graindb/query2.log 5486
results/output/sf10/graindb/query3.log 3598
results/output/sf10/graindb/query4.log 7983
results/output/sf10/graindb/query5.log 4273
results/output/sf10/graindb/query6.log 10110
results/output/sf10/graindb/query7.log 119789
results/output/sf10/graindb/query8.log 3099
results/output/sf10/graindb/query9.log 30199
results/output/sf10_rai/graindb/query1.log 6151
results/output/sf1_rai/graindb/query1.log 354
results/output/sf1_rai/graindb/query11.log 35
results/output/sf1_rai/graindb/query12.log 709
results/output/sf1_rai/graindb/query2.log 855
results/output/sf1_rai/graindb/query3.log 228
results/output/sf1_rai/graindb/query4.log 411
results/output/sf1_rai/graindb/query5.log 532
results/output/sf1_rai/graindb/query6.log 1050
results/output/sf1_rai/graindb/query7.log 13084
results/output/sf1_rai/graindb/query8.log 275
results/output/sf1_rai/graindb/query9.log 4260
