698 ms
686 ms
689 ms
689 ms
690 ms
692 ms
695 ms
696 ms
698 ms
701 ms
698 ms
701 ms
699 ms
700 ms
701 ms
704 ms
705 ms
703 ms
705 ms
703 ms
703 ms
704 ms
706 ms
707 ms
706 ms
707 ms
705 ms
706 ms
706 ms
709 ms
707 ms
708 ms
708 ms
709 ms
709 ms
709 ms
709 ms
708 ms
709 ms
710 ms
709 ms
709 ms
709 ms
710 ms
711 ms
710 ms
711 ms
711 ms
712 ms
710 ms
710 ms
712 ms
713 ms
711 ms
713 ms
712 ms
711 ms
714 ms
713 ms
714 ms
712 ms
712 ms
712 ms
712 ms
714 ms
712 ms
714 ms
713 ms
711 ms
713 ms
713 ms
711 ms
714 ms
714 ms
714 ms
712 ms
713 ms
713 ms
713 ms
711 ms
712 ms
711 ms
713 ms
711 ms
711 ms
713 ms
713 ms
712 ms
711 ms
712 ms
713 ms
714 ms
715 ms
712 ms
712 ms
712 ms
715 ms
714 ms
