193 ms
446 ms
431 ms
480 ms
481 ms
381 ms
456 ms
144 ms
149 ms
433 ms
476 ms
505 ms
448 ms
330 ms
139 ms
448 ms
169 ms
436 ms
467 ms
458 ms
446 ms
134 ms
437 ms
135 ms
452 ms
442 ms
107 ms
449 ms
459 ms
137 ms
445 ms
156 ms
224 ms
436 ms
445 ms
497 ms
463 ms
421 ms
155 ms
176 ms
372 ms
358 ms
448 ms
119 ms
439 ms
457 ms
446 ms
131 ms
537 ms
392 ms
496 ms
444 ms
130 ms
424 ms
486 ms
444 ms
115 ms
220 ms
415 ms
437 ms
358 ms
121 ms
257 ms
234 ms
271 ms
434 ms
118 ms
419 ms
196 ms
443 ms
494 ms
142 ms
393 ms
457 ms
491 ms
221 ms
488 ms
359 ms
165 ms
226 ms
277 ms
201 ms
226 ms
421 ms
141 ms
480 ms
431 ms
39 ms
135 ms
432 ms
281 ms
420 ms
162 ms
426 ms
423 ms
459 ms
124 ms
455 ms
