895 ms
862 ms
766 ms
787 ms
932 ms
832 ms
768 ms
779 ms
806 ms
752 ms
745 ms
923 ms
917 ms
593 ms
665 ms
891 ms
828 ms
800 ms
915 ms
590 ms
1018 ms
758 ms
376 ms
380 ms
862 ms
981 ms
832 ms
982 ms
777 ms
636 ms
751 ms
935 ms
992 ms
764 ms
736 ms
942 ms
952 ms
788 ms
845 ms
803 ms
877 ms
1004 ms
580 ms
857 ms
871 ms
718 ms
887 ms
454 ms
951 ms
778 ms
915 ms
809 ms
823 ms
678 ms
875 ms
850 ms
759 ms
931 ms
734 ms
987 ms
712 ms
838 ms
783 ms
895 ms
923 ms
794 ms
732 ms
769 ms
842 ms
869 ms
849 ms
900 ms
648 ms
888 ms
884 ms
363 ms
927 ms
981 ms
916 ms
881 ms
849 ms
999 ms
1029 ms
778 ms
744 ms
715 ms
659 ms
707 ms
796 ms
918 ms
794 ms
777 ms
848 ms
903 ms
670 ms
712 ms
805 ms
755 ms
