3355 ms
3473 ms
3901 ms
3239 ms
3702 ms
3507 ms
4398 ms
4169 ms
4732 ms
3951 ms
4176 ms
4949 ms
1797 ms
2688 ms
4100 ms
4161 ms
4676 ms
4505 ms
3265 ms
4496 ms
2231 ms
5014 ms
4163 ms
4512 ms
4618 ms
4502 ms
4059 ms
4476 ms
4204 ms
3282 ms
3525 ms
3629 ms
4864 ms
4600 ms
4594 ms
4220 ms
4377 ms
4742 ms
4351 ms
4627 ms
4825 ms
4447 ms
4457 ms
4244 ms
4359 ms
4865 ms
4550 ms
4678 ms
4630 ms
4290 ms
4541 ms
4546 ms
4082 ms
2975 ms
4556 ms
4735 ms
4162 ms
4606 ms
3669 ms
4616 ms
4771 ms
4671 ms
4179 ms
4450 ms
4342 ms
3655 ms
4001 ms
4651 ms
4408 ms
4733 ms
4844 ms
4629 ms
4788 ms
4456 ms
4472 ms
983 ms
4524 ms
3023 ms
4520 ms
4455 ms
2061 ms
4345 ms
4731 ms
4296 ms
3878 ms
4335 ms
4703 ms
4680 ms
4593 ms
4010 ms
4468 ms
3856 ms
4684 ms
3411 ms
3935 ms
4224 ms
2707 ms
4477 ms
