277 ms
264 ms
256 ms
257 ms
259 ms
256 ms
259 ms
259 ms
261 ms
262 ms
263 ms
258 ms
257 ms
261 ms
264 ms
263 ms
261 ms
260 ms
263 ms
263 ms
264 ms
264 ms
265 ms
262 ms
260 ms
264 ms
266 ms
267 ms
263 ms
262 ms
266 ms
265 ms
267 ms
266 ms
267 ms
268 ms
266 ms
264 ms
263 ms
267 ms
268 ms
269 ms
265 ms
262 ms
263 ms
268 ms
269 ms
267 ms
269 ms
269 ms
266 ms
263 ms
268 ms
268 ms
268 ms
268 ms
270 ms
265 ms
263 ms
269 ms
269 ms
270 ms
265 ms
264 ms
268 ms
270 ms
268 ms
270 ms
266 ms
265 ms
268 ms
270 ms
271 ms
265 ms
268 ms
267 ms
269 ms
272 ms
270 ms
267 ms
264 ms
265 ms
269 ms
269 ms
270 ms
268 ms
265 ms
270 ms
271 ms
271 ms
268 ms
265 ms
270 ms
269 ms
270 ms
272 ms
267 ms
271 ms
