568 ms
545 ms
544 ms
549 ms
549 ms
552 ms
550 ms
541 ms
517 ms
535 ms
499 ms
497 ms
495 ms
553 ms
539 ms
561 ms
540 ms
551 ms
517 ms
559 ms
564 ms
541 ms
462 ms
555 ms
516 ms
564 ms
557 ms
513 ms
529 ms
548 ms
492 ms
570 ms
550 ms
567 ms
317 ms
553 ms
555 ms
493 ms
553 ms
522 ms
500 ms
553 ms
571 ms
571 ms
572 ms
570 ms
573 ms
571 ms
573 ms
572 ms
572 ms
570 ms
558 ms
566 ms
563 ms
502 ms
532 ms
474 ms
487 ms
567 ms
478 ms
556 ms
563 ms
573 ms
11 ms
543 ms
531 ms
500 ms
542 ms
574 ms
577 ms
534 ms
575 ms
558 ms
558 ms
559 ms
560 ms
560 ms
556 ms
560 ms
556 ms
560 ms
556 ms
562 ms
530 ms
552 ms
320 ms
323 ms
563 ms
577 ms
513 ms
533 ms
522 ms
572 ms
560 ms
13 ms
553 ms
568 ms
