47 ms
42 ms
42 ms
48 ms
2 ms
46 ms
44 ms
41 ms
39 ms
41 ms
40 ms
38 ms
5 ms
43 ms
37 ms
7 ms
40 ms
37 ms
37 ms
37 ms
39 ms
5 ms
41 ms
42 ms
42 ms
37 ms
41 ms
5 ms
40 ms
8 ms
44 ms
43 ms
38 ms
5 ms
43 ms
42 ms
44 ms
2 ms
43 ms
41 ms
36 ms
39 ms
42 ms
43 ms
37 ms
41 ms
4 ms
44 ms
38 ms
41 ms
40 ms
39 ms
35 ms
34 ms
5 ms
5 ms
42 ms
40 ms
43 ms
38 ms
43 ms
43 ms
39 ms
5 ms
36 ms
38 ms
5 ms
5 ms
2 ms
41 ms
43 ms
8 ms
1 ms
42 ms
42 ms
44 ms
42 ms
40 ms
43 ms
30 ms
37 ms
4 ms
39 ms
40 ms
39 ms
5 ms
5 ms
14 ms
39 ms
40 ms
36 ms
43 ms
41 ms
37 ms
38 ms
43 ms
2 ms
43 ms
