12781 ms
12978 ms
13016 ms
13067 ms
13087 ms
13126 ms
13128 ms
13123 ms
13120 ms
13127 ms
13128 ms
13138 ms
13131 ms
13131 ms
13120 ms
13132 ms
13124 ms
13132 ms
13135 ms
13127 ms
13131 ms
13100 ms
13122 ms
13119 ms
13118 ms
13114 ms
13118 ms
13135 ms
13132 ms
13124 ms
13120 ms
13137 ms
13122 ms
13142 ms
13148 ms
13136 ms
13147 ms
13051 ms
12857 ms
12824 ms
12795 ms
12763 ms
12749 ms
12745 ms
12741 ms
12757 ms
12754 ms
12732 ms
12726 ms
12729 ms
12722 ms
12720 ms
12692 ms
12703 ms
12704 ms
12715 ms
12723 ms
12714 ms
12710 ms
12715 ms
12716 ms
12702 ms
12699 ms
12707 ms
12710 ms
12690 ms
12692 ms
12682 ms
12675 ms
12668 ms
12660 ms
12651 ms
12649 ms
12633 ms
12633 ms
12611 ms
12602 ms
12590 ms
12581 ms
12576 ms
12558 ms
12566 ms
12539 ms
12533 ms
12528 ms
12541 ms
12524 ms
12539 ms
12542 ms
12570 ms
12548 ms
12554 ms
12512 ms
12511 ms
12517 ms
12502 ms
12487 ms
12492 ms
