257 ms
205 ms
206 ms
207 ms
221 ms
211 ms
208 ms
190 ms
207 ms
226 ms
211 ms
230 ms
209 ms
213 ms
205 ms
203 ms
204 ms
207 ms
222 ms
219 ms
215 ms
211 ms
211 ms
214 ms
214 ms
214 ms
218 ms
217 ms
231 ms
222 ms
217 ms
217 ms
218 ms
221 ms
218 ms
218 ms
200 ms
233 ms
213 ms
214 ms
217 ms
218 ms
222 ms
203 ms
235 ms
231 ms
221 ms
253 ms
230 ms
240 ms
239 ms
220 ms
220 ms
219 ms
224 ms
223 ms
216 ms
224 ms
215 ms
218 ms
219 ms
220 ms
220 ms
215 ms
235 ms
214 ms
233 ms
227 ms
223 ms
223 ms
222 ms
216 ms
239 ms
235 ms
223 ms
221 ms
219 ms
225 ms
222 ms
225 ms
227 ms
231 ms
217 ms
240 ms
223 ms
219 ms
238 ms
224 ms
243 ms
224 ms
224 ms
223 ms
223 ms
218 ms
203 ms
224 ms
219 ms
216 ms
