918 ms
907 ms
900 ms
897 ms
909 ms
900 ms
906 ms
914 ms
913 ms
917 ms
903 ms
898 ms
889 ms
899 ms
881 ms
887 ms
886 ms
893 ms
887 ms
899 ms
884 ms
888 ms
890 ms
896 ms
883 ms
895 ms
893 ms
896 ms
898 ms
890 ms
887 ms
898 ms
893 ms
886 ms
887 ms
891 ms
879 ms
873 ms
892 ms
902 ms
785 ms
886 ms
896 ms
901 ms
901 ms
888 ms
894 ms
892 ms
880 ms
896 ms
884 ms
893 ms
892 ms
884 ms
880 ms
893 ms
864 ms
900 ms
868 ms
894 ms
906 ms
897 ms
886 ms
884 ms
882 ms
895 ms
895 ms
886 ms
875 ms
886 ms
876 ms
882 ms
871 ms
894 ms
880 ms
883 ms
887 ms
890 ms
860 ms
735 ms
881 ms
889 ms
888 ms
881 ms
886 ms
874 ms
883 ms
382 ms
892 ms
889 ms
721 ms
869 ms
894 ms
885 ms
875 ms
877 ms
872 ms
878 ms
