215 ms
377 ms
650 ms
382 ms
460 ms
208 ms
436 ms
684 ms
393 ms
554 ms
210 ms
406 ms
578 ms
557 ms
534 ms
651 ms
453 ms
507 ms
211 ms
750 ms
405 ms
450 ms
418 ms
419 ms
434 ms
631 ms
209 ms
542 ms
371 ms
216 ms
687 ms
849 ms
212 ms
215 ms
424 ms
784 ms
626 ms
648 ms
607 ms
644 ms
518 ms
471 ms
289 ms
361 ms
458 ms
359 ms
616 ms
371 ms
656 ms
209 ms
373 ms
343 ms
471 ms
671 ms
665 ms
651 ms
290 ms
453 ms
451 ms
517 ms
450 ms
606 ms
406 ms
622 ms
777 ms
757 ms
595 ms
432 ms
212 ms
674 ms
360 ms
670 ms
520 ms
475 ms
609 ms
523 ms
382 ms
214 ms
543 ms
855 ms
211 ms
217 ms
569 ms
583 ms
396 ms
513 ms
581 ms
375 ms
645 ms
681 ms
638 ms
622 ms
449 ms
674 ms
616 ms
478 ms
548 ms
607 ms
